2020-10-09T17:13:21-0400 [INFO    ] dandi Traversing remote dandisets (000036) recursively
2020-10-09T17:13:21-0400 [INFO    ] backups2datalad.py Updating metadata file
2020-10-09T17:13:25-0400 [INFO    ] backups2datalad.py Syncing asset /sub-389014/sub-389014_ses-20180705T152908_behavior+image+ophys.nwb
2020-10-09T17:13:26-0400 [INFO    ] backups2datalad.py Asset in dataset, and hash shows no modification; will not update
2020-10-09T17:13:26-0400 [INFO    ] backups2datalad.py Syncing asset /sub-389014/sub-389014_ses-20180706T153828_behavior+image+ophys.nwb
2020-10-09T17:13:26-0400 [INFO    ] backups2datalad.py Asset in dataset, and hash shows no modification; will not update
2020-10-09T17:13:26-0400 [INFO    ] backups2datalad.py Syncing asset /sub-389014/sub-389014_ses-20180709T154600_behavior+image+ophys.nwb
2020-10-09T17:13:26-0400 [INFO    ] backups2datalad.py Asset in dataset, and hash shows no modification; will not update
2020-10-09T17:13:26-0400 [INFO    ] backups2datalad.py Syncing asset /sub-389014/sub-389014_ses-20180710T153808_behavior+image+ophys.nwb
2020-10-09T17:13:27-0400 [INFO    ] backups2datalad.py Asset in dataset, and hash shows no modification; will not update
2020-10-09T17:13:27-0400 [INFO    ] backups2datalad.py Syncing asset /sub-389014/sub-389014_ses-20180711T154332_behavior+image+ophys.nwb
2020-10-09T17:13:27-0400 [INFO    ] backups2datalad.py Asset in dataset, and hash shows no modification; will not update
2020-10-09T17:13:27-0400 [INFO    ] backups2datalad.py Syncing asset /sub-389014/sub-389014_ses-20180713T154058_behavior+image+ophys.nwb
2020-10-09T17:13:27-0400 [INFO    ] backups2datalad.py Asset in dataset, and hash shows no modification; will not update
2020-10-09T17:13:27-0400 [INFO    ] backups2datalad.py Syncing asset /sub-389014/sub-389014_ses-20180716T154015_behavior+image+ophys.nwb
2020-10-09T17:13:28-0400 [INFO    ] backups2datalad.py Asset in dataset, and hash shows no modification; will not update
2020-10-09T17:13:28-0400 [INFO    ] backups2datalad.py Syncing asset /sub-389014/sub-389014_ses-20180718T153707_behavior+image+ophys.nwb
2020-10-09T17:13:28-0400 [INFO    ] backups2datalad.py Asset in dataset, and hash shows no modification; will not update
2020-10-09T17:13:28-0400 [INFO    ] backups2datalad.py Syncing asset /sub-389014/sub-389014_ses-20180723T154111_behavior+image+ophys.nwb
2020-10-09T17:13:28-0400 [INFO    ] backups2datalad.py Asset in dataset, and hash shows no modification; will not update
2020-10-09T17:13:28-0400 [INFO    ] backups2datalad.py Syncing asset /sub-389014/sub-389014_ses-20180724T154216_behavior+image+ophys.nwb
2020-10-09T17:13:29-0400 [INFO    ] backups2datalad.py Asset in dataset, and hash shows no modification; will not update
2020-10-09T17:13:29-0400 [INFO    ] backups2datalad.py Syncing asset /sub-389020/sub-389020_ses-20180705T155914_behavior+image+ophys.nwb
2020-10-09T17:13:29-0400 [INFO    ] backups2datalad.py Asset in dataset, and hash shows no modification; will not update
2020-10-09T17:13:29-0400 [INFO    ] backups2datalad.py Syncing asset /sub-389020/sub-389020_ses-20180706T152613_behavior+image+ophys.nwb
2020-10-09T17:13:30-0400 [INFO    ] backups2datalad.py Asset in dataset, and hash shows no modification; will not update
2020-10-09T17:13:30-0400 [INFO    ] backups2datalad.py Syncing asset /sub-389020/sub-389020_ses-20180709T153218_behavior+image+ophys.nwb
2020-10-09T17:13:30-0400 [INFO    ] backups2datalad.py Asset in dataset, and hash shows no modification; will not update
2020-10-09T17:13:30-0400 [INFO    ] backups2datalad.py Syncing asset /sub-389020/sub-389020_ses-20180710T152650_behavior+image+ophys.nwb
2020-10-09T17:13:30-0400 [INFO    ] backups2datalad.py Asset in dataset, and hash shows no modification; will not update
2020-10-09T17:13:30-0400 [INFO    ] backups2datalad.py Syncing asset /sub-389020/sub-389020_ses-20180711T152912_behavior+image+ophys.nwb
2020-10-09T17:13:31-0400 [INFO    ] backups2datalad.py Asset in dataset, and hash shows no modification; will not update
2020-10-09T17:13:31-0400 [INFO    ] backups2datalad.py Syncing asset /sub-389020/sub-389020_ses-20180713T153905_behavior+image+ophys.nwb
2020-10-09T17:13:31-0400 [INFO    ] backups2datalad.py Asset in dataset, and hash shows no modification; will not update
2020-10-09T17:13:31-0400 [INFO    ] backups2datalad.py Syncing asset /sub-389020/sub-389020_ses-20180716T152622_behavior+image+ophys.nwb
2020-10-09T17:13:31-0400 [INFO    ] backups2datalad.py Asset in dataset, and hash shows no modification; will not update
2020-10-09T17:13:31-0400 [INFO    ] backups2datalad.py Syncing asset /sub-389020/sub-389020_ses-20180717T152348_behavior+image+ophys.nwb
2020-10-09T17:13:32-0400 [INFO    ] backups2datalad.py Asset in dataset, and hash shows no modification; will not update
2020-10-09T17:13:32-0400 [INFO    ] backups2datalad.py Syncing asset /sub-389020/sub-389020_ses-20180718T152401_behavior+image+ophys.nwb
2020-10-09T17:13:32-0400 [INFO    ] backups2datalad.py Asset in dataset, and hash shows no modification; will not update
2020-10-09T17:13:32-0400 [INFO    ] backups2datalad.py Syncing asset /sub-389020/sub-389020_ses-20180723T152916_behavior+image+ophys.nwb
2020-10-09T17:13:33-0400 [INFO    ] backups2datalad.py Asset in dataset, and hash shows no modification; will not update
2020-10-09T17:13:33-0400 [INFO    ] backups2datalad.py Syncing asset /sub-390958/sub-390958_ses-20180705T171438_behavior+image+ophys.nwb
2020-10-09T17:13:33-0400 [INFO    ] backups2datalad.py Asset in dataset, and hash shows no modification; will not update
2020-10-09T17:13:33-0400 [INFO    ] backups2datalad.py Syncing asset /sub-390958/sub-390958_ses-20180709T200603_behavior+image+ophys.nwb
2020-10-09T17:13:33-0400 [INFO    ] backups2datalad.py Asset in dataset, and hash shows no modification; will not update
2020-10-09T17:13:33-0400 [INFO    ] backups2datalad.py Syncing asset /sub-390958/sub-390958_ses-20180710T190735_behavior+image+ophys.nwb
2020-10-09T17:13:34-0400 [INFO    ] backups2datalad.py Asset in dataset, and hash shows no modification; will not update
2020-10-09T17:13:34-0400 [INFO    ] backups2datalad.py Syncing asset /sub-390958/sub-390958_ses-20180711T194424_behavior+image+ophys.nwb
2020-10-09T17:13:34-0400 [INFO    ] backups2datalad.py Asset in dataset, and hash shows no modification; will not update
2020-10-09T17:13:34-0400 [INFO    ] backups2datalad.py Syncing asset /sub-390958/sub-390958_ses-20180712T175204_behavior+image+ophys.nwb
2020-10-09T17:13:34-0400 [INFO    ] backups2datalad.py Asset in dataset, and hash shows no modification; will not update
2020-10-09T17:13:34-0400 [INFO    ] backups2datalad.py Syncing asset /sub-392392/sub-392392_ses-20180712T160546_behavior+image+ophys.nwb
2020-10-09T17:13:35-0400 [INFO    ] backups2datalad.py Asset in dataset, and hash shows no modification; will not update
2020-10-09T17:13:35-0400 [INFO    ] backups2datalad.py Syncing asset /sub-392392/sub-392392_ses-20180716T175039_behavior+image+ophys.nwb
2020-10-09T17:13:35-0400 [INFO    ] backups2datalad.py Asset in dataset, and hash shows no modification; will not update
2020-10-09T17:13:35-0400 [INFO    ] backups2datalad.py Syncing asset /sub-392392/sub-392392_ses-20180717T175459_behavior+image+ophys.nwb
2020-10-09T17:13:36-0400 [INFO    ] backups2datalad.py Asset in dataset, and hash shows no modification; will not update
2020-10-09T17:13:36-0400 [INFO    ] backups2datalad.py Syncing asset /sub-392392/sub-392392_ses-20180718T174405_behavior+image+ophys.nwb
2020-10-09T17:13:36-0400 [INFO    ] backups2datalad.py Asset in dataset, and hash shows no modification; will not update
2020-10-09T17:13:36-0400 [INFO    ] backups2datalad.py Syncing asset /sub-392392/sub-392392_ses-20180719T164503_behavior+image+ophys.nwb
2020-10-09T17:13:36-0400 [INFO    ] backups2datalad.py Asset in dataset, and hash shows no modification; will not update
2020-10-09T17:13:36-0400 [INFO    ] backups2datalad.py Syncing asset /sub-395480/sub-395480_ses-20180724T175153_behavior+image+ophys.nwb
2020-10-09T17:13:37-0400 [INFO    ] backups2datalad.py Asset in dataset, and hash shows no modification; will not update
2020-10-09T17:13:37-0400 [INFO    ] backups2datalad.py Syncing asset /sub-395480/sub-395480_ses-20180725T171120_behavior+image+ophys.nwb
2020-10-09T17:13:37-0400 [INFO    ] backups2datalad.py Asset in dataset, and hash shows no modification; will not update
2020-10-09T17:13:37-0400 [INFO    ] backups2datalad.py Syncing asset /sub-395480/sub-395480_ses-20180730T180257_behavior+image+ophys.nwb
2020-10-09T17:13:37-0400 [INFO    ] backups2datalad.py Asset in dataset, and hash shows no modification; will not update
2020-10-09T17:13:37-0400 [INFO    ] backups2datalad.py Syncing asset /sub-395480/sub-395480_ses-20180731T175356_behavior+image+ophys.nwb
2020-10-09T17:13:38-0400 [INFO    ] backups2datalad.py Asset in dataset, and hash shows no modification; will not update
2020-10-09T17:13:38-0400 [INFO    ] backups2datalad.py Syncing asset /sub-395480/sub-395480_ses-20180801T172922_behavior+image+ophys.nwb
2020-10-09T17:13:38-0400 [INFO    ] backups2datalad.py Asset in dataset, and hash shows no modification; will not update
2020-10-09T17:13:38-0400 [INFO    ] backups2datalad.py Syncing asset /sub-395480/sub-395480_ses-20180802T173850_behavior+image+ophys.nwb
2020-10-09T17:13:38-0400 [INFO    ] backups2datalad.py Asset in dataset, and hash shows no modification; will not update
2020-10-09T17:13:38-0400 [INFO    ] backups2datalad.py Syncing asset /sub-395481/sub-395481_ses-20180725T154856_behavior+image+ophys.nwb
2020-10-09T17:13:39-0400 [INFO    ] backups2datalad.py Asset in dataset, and hash shows no modification; will not update
2020-10-09T17:13:39-0400 [INFO    ] backups2datalad.py Syncing asset /sub-395481/sub-395481_ses-20180726T153601_behavior+image+ophys.nwb
2020-10-09T17:13:39-0400 [INFO    ] backups2datalad.py Asset in dataset, and hash shows no modification; will not update
2020-10-09T17:13:39-0400 [INFO    ] backups2datalad.py Syncing asset /sub-395481/sub-395481_ses-20180730T152546_behavior+image+ophys.nwb
2020-10-09T17:13:40-0400 [INFO    ] backups2datalad.py Asset in dataset, and hash shows no modification; will not update
2020-10-09T17:13:40-0400 [INFO    ] backups2datalad.py Syncing asset /sub-395481/sub-395481_ses-20180807T152634_behavior+image+ophys.nwb
2020-10-09T17:13:40-0400 [INFO    ] backups2datalad.py Asset in dataset, and hash shows no modification; will not update
2020-10-09T17:13:40-0400 [INFO    ] backups2datalad.py Syncing asset /sub-402796/sub-402796_ses-20180824T201109_behavior+image+ophys.nwb
2020-10-09T17:13:40-0400 [INFO    ] backups2datalad.py Asset in dataset, and hash shows no modification; will not update
2020-10-09T17:13:40-0400 [INFO    ] backups2datalad.py Syncing asset /sub-402796/sub-402796_ses-20180827T230250_behavior+image+ophys.nwb
2020-10-09T17:13:41-0400 [INFO    ] backups2datalad.py Asset in dataset, and hash shows no modification; will not update
2020-10-09T17:13:41-0400 [INFO    ] backups2datalad.py Syncing asset /sub-402796/sub-402796_ses-20180828T210208_behavior+image+ophys.nwb
2020-10-09T17:13:41-0400 [INFO    ] backups2datalad.py Asset in dataset, and hash shows no modification; will not update
2020-10-09T17:13:41-0400 [INFO    ] backups2datalad.py Syncing asset /sub-402796/sub-402796_ses-20180829T211909_behavior+image+ophys.nwb
2020-10-09T17:13:41-0400 [INFO    ] backups2datalad.py Asset in dataset, and hash shows no modification; will not update
2020-10-09T17:13:41-0400 [INFO    ] backups2datalad.py Syncing asset /sub-402796/sub-402796_ses-20180831T004642_behavior+image+ophys.nwb
2020-10-09T17:13:42-0400 [INFO    ] backups2datalad.py Asset in dataset, and hash shows no modification; will not update
2020-10-09T17:13:42-0400 [INFO    ] backups2datalad.py Syncing asset /sub-402796/sub-402796_ses-20180906T210142_behavior+image+ophys.nwb
2020-10-09T17:13:42-0400 [INFO    ] backups2datalad.py Asset in dataset, and hash shows no modification; will not update
2020-10-09T17:13:42-0400 [INFO    ] backups2datalad.py Syncing asset /sub-405808/sub-405808_ses-20180907T194312_behavior+image+ophys.nwb
2020-10-09T17:13:42-0400 [INFO    ] backups2datalad.py Asset in dataset, and hash shows no modification; will not update
2020-10-09T17:13:42-0400 [INFO    ] backups2datalad.py Syncing asset /sub-405808/sub-405808_ses-20180910T232832_behavior+image+ophys.nwb
2020-10-09T17:13:43-0400 [INFO    ] backups2datalad.py Asset in dataset, and hash shows no modification; will not update
2020-10-09T17:13:43-0400 [INFO    ] backups2datalad.py Syncing asset /sub-405808/sub-405808_ses-20180912T221001_behavior+image+ophys.nwb
2020-10-09T17:13:43-0400 [INFO    ] backups2datalad.py Asset in dataset, and hash shows no modification; will not update
2020-10-09T17:13:43-0400 [INFO    ] backups2datalad.py Syncing asset /sub-405808/sub-405808_ses-20180913T224013_behavior+image+ophys.nwb
2020-10-09T17:13:43-0400 [INFO    ] backups2datalad.py Asset in dataset, and hash shows no modification; will not update
2020-10-09T17:13:43-0400 [INFO    ] backups2datalad.py Syncing asset /sub-405808/sub-405808_ses-20180914T231328_behavior+image+ophys.nwb
2020-10-09T17:13:44-0400 [INFO    ] backups2datalad.py Asset in dataset, and hash shows no modification; will not update
2020-10-09T17:13:44-0400 [INFO    ] backups2datalad.py Syncing asset /sub-405808/sub-405808_ses-20180918T004417_behavior+image+ophys.nwb
2020-10-09T17:13:44-0400 [INFO    ] backups2datalad.py Asset in dataset, and hash shows no modification; will not update
2020-10-09T17:13:44-0400 [INFO    ] backups2datalad.py Syncing asset /sub-406876/sub-406876_ses-20180906T230406_behavior+image+ophys.nwb
2020-10-09T17:13:44-0400 [INFO    ] backups2datalad.py Asset in dataset, and hash shows no modification; will not update
2020-10-09T17:13:44-0400 [INFO    ] backups2datalad.py Syncing asset /sub-406876/sub-406876_ses-20180910T215954_behavior+image+ophys.nwb
2020-10-09T17:13:45-0400 [INFO    ] backups2datalad.py Asset in dataset, and hash shows no modification; will not update
2020-10-09T17:13:45-0400 [INFO    ] backups2datalad.py Syncing asset /sub-406876/sub-406876_ses-20180912T212600_behavior+image+ophys.nwb
2020-10-09T17:13:45-0400 [INFO    ] backups2datalad.py Asset in dataset, and hash shows no modification; will not update
2020-10-09T17:13:45-0400 [INFO    ] backups2datalad.py Syncing asset /sub-406876/sub-406876_ses-20180913T230252_behavior+image+ophys.nwb
2020-10-09T17:13:45-0400 [INFO    ] backups2datalad.py Asset in dataset, and hash shows no modification; will not update
2020-10-09T17:13:45-0400 [INFO    ] backups2datalad.py Syncing asset /sub-406876/sub-406876_ses-20180914T220948_behavior+image+ophys.nwb
2020-10-09T17:13:46-0400 [INFO    ] backups2datalad.py Asset in dataset, and hash shows no modification; will not update
2020-10-09T17:13:46-0400 [INFO    ] backups2datalad.py Commiting changes
2020-10-09T17:13:46-0400 [INFO    ] backups2datalad.py Creating GitHub sibling for 000036
2020-10-09T17:13:46-0400 [INFO    ] backups2datalad.py Pushing to sibling
2020-10-09T17:13:46-0400 [INFO    ] datalad.core.distributed.push Determine push target
2020-10-09T17:13:46-0400 [INFO    ] datalad.core.distributed.push Push refspecs
2020-10-09T17:13:46-0400 [INFO    ] datalad.core.distributed.push Transfer data
2020-10-09T17:13:46-0400 [INFO    ] datalad.core.distributed.push Update availability information
2020-10-09T17:13:48-0400 [INFO    ] datalad.gitrepo Start enumerating objects
2020-10-09T17:13:48-0400 [INFO    ] datalad.gitrepo Finished enumerating objects
2020-10-09T17:13:48-0400 [INFO    ] datalad.gitrepo Start counting objects
2020-10-09T17:13:48-0400 [INFO    ] datalad.gitrepo Counting objects:   9% (1/11)
2020-10-09T17:13:48-0400 [INFO    ] datalad.gitrepo Counting objects:  18% (2/11)
2020-10-09T17:13:48-0400 [INFO    ] datalad.gitrepo Counting objects:  27% (3/11)
2020-10-09T17:13:48-0400 [INFO    ] datalad.gitrepo Counting objects:  36% (4/11)
2020-10-09T17:13:48-0400 [INFO    ] datalad.gitrepo Counting objects:  45% (5/11)
2020-10-09T17:13:48-0400 [INFO    ] datalad.gitrepo Counting objects:  54% (6/11)
2020-10-09T17:13:48-0400 [INFO    ] datalad.gitrepo Counting objects:  63% (7/11)
2020-10-09T17:13:48-0400 [INFO    ] datalad.gitrepo Counting objects:  72% (8/11)
2020-10-09T17:13:48-0400 [INFO    ] datalad.gitrepo Counting objects:  81% (9/11)
2020-10-09T17:13:48-0400 [INFO    ] datalad.gitrepo Counting objects:  90% (10/11)
2020-10-09T17:13:48-0400 [INFO    ] datalad.gitrepo Counting objects: 100% (11/11)
2020-10-09T17:13:48-0400 [INFO    ] datalad.gitrepo Counting objects: 100% (11/11), done.
2020-10-09T17:13:48-0400 [INFO    ] datalad.gitrepo Finished counting objects
2020-10-09T17:13:48-0400 [INFO    ] datalad.gitrepo Start compressing objects
2020-10-09T17:13:48-0400 [INFO    ] datalad.gitrepo Compressing objects:  14% (1/7)
2020-10-09T17:13:48-0400 [INFO    ] datalad.gitrepo Compressing objects:  28% (2/7)
2020-10-09T17:13:48-0400 [INFO    ] datalad.gitrepo Compressing objects:  42% (3/7)
2020-10-09T17:13:48-0400 [INFO    ] datalad.gitrepo Compressing objects:  57% (4/7)
2020-10-09T17:13:48-0400 [INFO    ] datalad.gitrepo Compressing objects:  71% (5/7)
2020-10-09T17:13:48-0400 [INFO    ] datalad.gitrepo Compressing objects:  85% (6/7)
2020-10-09T17:13:48-0400 [INFO    ] datalad.gitrepo Compressing objects: 100% (7/7)
2020-10-09T17:13:48-0400 [INFO    ] datalad.gitrepo Compressing objects: 100% (7/7), done.
2020-10-09T17:13:48-0400 [INFO    ] datalad.gitrepo Finished compressing objects
2020-10-09T17:13:48-0400 [INFO    ] datalad.gitrepo Start writing objects
2020-10-09T17:13:48-0400 [INFO    ] datalad.gitrepo Writing objects:  14% (1/7)
2020-10-09T17:13:48-0400 [INFO    ] datalad.gitrepo Writing objects:  28% (2/7)
2020-10-09T17:13:48-0400 [INFO    ] datalad.gitrepo Writing objects:  42% (3/7)
2020-10-09T17:13:48-0400 [INFO    ] datalad.gitrepo Writing objects:  57% (4/7)
2020-10-09T17:13:48-0400 [INFO    ] datalad.gitrepo Writing objects:  71% (5/7)
2020-10-09T17:13:48-0400 [INFO    ] datalad.gitrepo Writing objects:  85% (6/7)
2020-10-09T17:13:48-0400 [INFO    ] datalad.gitrepo Writing objects: 100% (7/7)
2020-10-09T17:13:48-0400 [INFO    ] datalad.gitrepo Writing objects: 100% (7/7), 4.13 KiB | 1.03 MiB/s, done.
2020-10-09T17:13:48-0400 [INFO    ] datalad.gitrepo Finished writing objects
2020-10-09T17:13:48-0400 [INFO    ] datalad.gitrepo Start resolving deltas
2020-10-09T17:13:48-0400 [INFO    ] datalad.gitrepo remote: Resolving deltas:   0% (0/3)
2020-10-09T17:13:48-0400 [INFO    ] datalad.gitrepo remote: Resolving deltas:  33% (1/3)
2020-10-09T17:13:48-0400 [INFO    ] datalad.gitrepo remote: Resolving deltas: 100% (3/3)
2020-10-09T17:13:48-0400 [INFO    ] datalad.gitrepo remote: Resolving deltas: 100% (3/3), completed with 2 local objects.
2020-10-09T17:13:50-0400 [INFO    ] datalad.gitrepo Finished
2020-10-09T17:13:50-0400 [INFO    ] datalad.core.distributed.push Finished push of Dataset(/mnt/backup/dandi/dandiarchive-replica/000036)
