2020-10-08T15:34:45-0400 [INFO    ] dandi Traversing remote dandisets (000036) recursively
2020-10-08T15:34:45-0400 [INFO    ] backups2datalad.py Updating metadata file
2020-10-08T15:34:48-0400 [INFO    ] backups2datalad.py Syncing asset /sub-389014/sub-389014_ses-20180705T152908_behavior+image+ophys.nwb
2020-10-08T15:34:48-0400 [INFO    ] backups2datalad.py Asset not in dataset; will copy
2020-10-08T15:34:48-0400 [INFO    ] backups2datalad.py cp /mnt/backup/dandi/dandiarchive-s3-backup/girder-assetstore/10/e6/10e67b327a824265b10a6e6c8bbc33fa -> /mnt/backup/dandi/dandiarchive-replica/000036/sub-389014/sub-389014_ses-20180705T152908_behavior+image+ophys.nwb
2020-10-08T15:35:24-0400 [INFO    ] backups2datalad.py Adding asset to dataset
2020-10-08T15:35:46-0400 [INFO    ] backups2datalad.py Adding URL https://dandiarchive.s3.amazonaws.com/girder-assetstore/10/e6/10e67b327a824265b10a6e6c8bbc33fa?versionId=9eoyrYIe5eUZlv_RaspC651g.c8JhstB to asset
2020-10-08T15:35:47-0400 [INFO    ] backups2datalad.py Syncing asset /sub-389014/sub-389014_ses-20180706T153828_behavior+image+ophys.nwb
2020-10-08T15:35:47-0400 [INFO    ] backups2datalad.py Asset not in dataset; will copy
2020-10-08T15:35:47-0400 [INFO    ] backups2datalad.py cp /mnt/backup/dandi/dandiarchive-s3-backup/girder-assetstore/d5/6d/d56d25d9eb914ea7a531a90653d79ccd -> /mnt/backup/dandi/dandiarchive-replica/000036/sub-389014/sub-389014_ses-20180706T153828_behavior+image+ophys.nwb
2020-10-08T15:35:47-0400 [INFO    ] backups2datalad.py Adding asset to dataset
2020-10-08T15:35:56-0400 [INFO    ] backups2datalad.py Adding URL https://dandiarchive.s3.amazonaws.com/girder-assetstore/d5/6d/d56d25d9eb914ea7a531a90653d79ccd?versionId=4EU2RoFDh7e1J7d_fXbSytwLBLJr9k0E to asset
2020-10-08T15:35:57-0400 [INFO    ] backups2datalad.py Syncing asset /sub-389014/sub-389014_ses-20180709T154600_behavior+image+ophys.nwb
2020-10-08T15:35:57-0400 [INFO    ] backups2datalad.py Asset not in dataset; will copy
2020-10-08T15:35:57-0400 [INFO    ] backups2datalad.py cp /mnt/backup/dandi/dandiarchive-s3-backup/girder-assetstore/9c/4a/9c4a72e6348c40c59a73aa22fd25ccd1 -> /mnt/backup/dandi/dandiarchive-replica/000036/sub-389014/sub-389014_ses-20180709T154600_behavior+image+ophys.nwb
2020-10-08T15:35:58-0400 [INFO    ] backups2datalad.py Adding asset to dataset
2020-10-08T15:36:06-0400 [INFO    ] backups2datalad.py Adding URL https://dandiarchive.s3.amazonaws.com/girder-assetstore/9c/4a/9c4a72e6348c40c59a73aa22fd25ccd1?versionId=YhPytGnvTbqTn6vQvE4wMxi5KGLWeK7_ to asset
2020-10-08T15:36:07-0400 [INFO    ] backups2datalad.py Syncing asset /sub-389014/sub-389014_ses-20180710T153808_behavior+image+ophys.nwb
2020-10-08T15:36:07-0400 [INFO    ] backups2datalad.py Asset not in dataset; will copy
2020-10-08T15:36:07-0400 [INFO    ] backups2datalad.py cp /mnt/backup/dandi/dandiarchive-s3-backup/girder-assetstore/5f/89/5f8976d9935345f29fccc1854083faa7 -> /mnt/backup/dandi/dandiarchive-replica/000036/sub-389014/sub-389014_ses-20180710T153808_behavior+image+ophys.nwb
2020-10-08T15:36:08-0400 [INFO    ] backups2datalad.py Adding asset to dataset
2020-10-08T15:36:17-0400 [INFO    ] backups2datalad.py Adding URL https://dandiarchive.s3.amazonaws.com/girder-assetstore/5f/89/5f8976d9935345f29fccc1854083faa7?versionId=i04cLmuWWPgHr9OPye4v435Y0B7Qza33 to asset
2020-10-08T15:36:17-0400 [INFO    ] backups2datalad.py Syncing asset /sub-389014/sub-389014_ses-20180711T154332_behavior+image+ophys.nwb
2020-10-08T15:36:18-0400 [INFO    ] backups2datalad.py Asset not in dataset; will copy
2020-10-08T15:36:18-0400 [INFO    ] backups2datalad.py cp /mnt/backup/dandi/dandiarchive-s3-backup/girder-assetstore/32/a5/32a543c3d7124a70a55badabfa7e7b19 -> /mnt/backup/dandi/dandiarchive-replica/000036/sub-389014/sub-389014_ses-20180711T154332_behavior+image+ophys.nwb
2020-10-08T15:36:20-0400 [INFO    ] backups2datalad.py Adding asset to dataset
2020-10-08T15:36:31-0400 [INFO    ] backups2datalad.py Adding URL https://dandiarchive.s3.amazonaws.com/girder-assetstore/32/a5/32a543c3d7124a70a55badabfa7e7b19?versionId=RfNsVPeooAXasPYcEwJJKoQcBPRp7L3e to asset
2020-10-08T15:36:31-0400 [INFO    ] backups2datalad.py Syncing asset /sub-389014/sub-389014_ses-20180713T154058_behavior+image+ophys.nwb
2020-10-08T15:36:31-0400 [INFO    ] backups2datalad.py Asset not in dataset; will copy
2020-10-08T15:36:31-0400 [INFO    ] backups2datalad.py cp /mnt/backup/dandi/dandiarchive-s3-backup/girder-assetstore/c6/b7/c6b720fa45654582bfca16bd55a96de0 -> /mnt/backup/dandi/dandiarchive-replica/000036/sub-389014/sub-389014_ses-20180713T154058_behavior+image+ophys.nwb
2020-10-08T15:36:33-0400 [INFO    ] backups2datalad.py Adding asset to dataset
2020-10-08T15:36:42-0400 [INFO    ] backups2datalad.py Adding URL https://dandiarchive.s3.amazonaws.com/girder-assetstore/c6/b7/c6b720fa45654582bfca16bd55a96de0?versionId=Xj0hVRqdRHtRUxTyGjs.CbMqwzwJ0pbe to asset
2020-10-08T15:36:42-0400 [INFO    ] backups2datalad.py Syncing asset /sub-389014/sub-389014_ses-20180716T154015_behavior+image+ophys.nwb
2020-10-08T15:36:43-0400 [INFO    ] backups2datalad.py Asset not in dataset; will copy
2020-10-08T15:36:43-0400 [INFO    ] backups2datalad.py cp /mnt/backup/dandi/dandiarchive-s3-backup/girder-assetstore/fe/f9/fef9255631b9482ebeea9d7446a79d5f -> /mnt/backup/dandi/dandiarchive-replica/000036/sub-389014/sub-389014_ses-20180716T154015_behavior+image+ophys.nwb
2020-10-08T15:36:43-0400 [INFO    ] backups2datalad.py Adding asset to dataset
2020-10-08T15:36:52-0400 [INFO    ] backups2datalad.py Adding URL https://dandiarchive.s3.amazonaws.com/girder-assetstore/fe/f9/fef9255631b9482ebeea9d7446a79d5f?versionId=cBLc0vxnsNWzg3Y2p1KXvr0RnCBlOTgq to asset
2020-10-08T15:36:52-0400 [INFO    ] backups2datalad.py Syncing asset /sub-389014/sub-389014_ses-20180718T153707_behavior+image+ophys.nwb
2020-10-08T15:36:53-0400 [INFO    ] backups2datalad.py Asset not in dataset; will copy
2020-10-08T15:36:53-0400 [INFO    ] backups2datalad.py cp /mnt/backup/dandi/dandiarchive-s3-backup/girder-assetstore/e4/9e/e49eaeb8323c44339cbff30aaaa52406 -> /mnt/backup/dandi/dandiarchive-replica/000036/sub-389014/sub-389014_ses-20180718T153707_behavior+image+ophys.nwb
2020-10-08T15:36:54-0400 [INFO    ] backups2datalad.py Adding asset to dataset
2020-10-08T15:37:03-0400 [INFO    ] backups2datalad.py Adding URL https://dandiarchive.s3.amazonaws.com/girder-assetstore/e4/9e/e49eaeb8323c44339cbff30aaaa52406?versionId=e.DPWvwvlImWxQ6eeDiKhaO4WC253ou7 to asset
2020-10-08T15:37:03-0400 [INFO    ] backups2datalad.py Syncing asset /sub-389014/sub-389014_ses-20180723T154111_behavior+image+ophys.nwb
2020-10-08T15:37:04-0400 [INFO    ] backups2datalad.py Asset not in dataset; will copy
2020-10-08T15:37:04-0400 [INFO    ] backups2datalad.py cp /mnt/backup/dandi/dandiarchive-s3-backup/girder-assetstore/ce/4e/ce4e6eeaf9ff4c01958bae670808d924 -> /mnt/backup/dandi/dandiarchive-replica/000036/sub-389014/sub-389014_ses-20180723T154111_behavior+image+ophys.nwb
2020-10-08T15:37:05-0400 [INFO    ] backups2datalad.py Adding asset to dataset
2020-10-08T15:37:13-0400 [INFO    ] backups2datalad.py Adding URL https://dandiarchive.s3.amazonaws.com/girder-assetstore/ce/4e/ce4e6eeaf9ff4c01958bae670808d924?versionId=QkEksfiqXNojMrmk3YwQzw4xhUhykhUa to asset
2020-10-08T15:37:14-0400 [INFO    ] backups2datalad.py Syncing asset /sub-389014/sub-389014_ses-20180724T154216_behavior+image+ophys.nwb
2020-10-08T15:37:14-0400 [INFO    ] backups2datalad.py Asset not in dataset; will copy
2020-10-08T15:37:14-0400 [INFO    ] backups2datalad.py cp /mnt/backup/dandi/dandiarchive-s3-backup/girder-assetstore/63/71/6371a1a91b96495493a521526ea3c39d -> /mnt/backup/dandi/dandiarchive-replica/000036/sub-389014/sub-389014_ses-20180724T154216_behavior+image+ophys.nwb
2020-10-08T15:37:15-0400 [INFO    ] backups2datalad.py Adding asset to dataset
2020-10-08T15:37:24-0400 [INFO    ] backups2datalad.py Adding URL https://dandiarchive.s3.amazonaws.com/girder-assetstore/63/71/6371a1a91b96495493a521526ea3c39d?versionId=jeMgivPem0koZR_yo.N30wN0sNRTBqmJ to asset
2020-10-08T15:37:24-0400 [INFO    ] backups2datalad.py Syncing asset /sub-389020/sub-389020_ses-20180705T155914_behavior+image+ophys.nwb
2020-10-08T15:37:24-0400 [INFO    ] backups2datalad.py Asset not in dataset; will copy
2020-10-08T15:37:24-0400 [INFO    ] backups2datalad.py cp /mnt/backup/dandi/dandiarchive-s3-backup/girder-assetstore/60/5b/605b650495dc4df58c370d5c7aa266bc -> /mnt/backup/dandi/dandiarchive-replica/000036/sub-389020/sub-389020_ses-20180705T155914_behavior+image+ophys.nwb
2020-10-08T15:37:35-0400 [INFO    ] backups2datalad.py Adding asset to dataset
2020-10-08T15:37:48-0400 [INFO    ] backups2datalad.py Adding URL https://dandiarchive.s3.amazonaws.com/girder-assetstore/60/5b/605b650495dc4df58c370d5c7aa266bc?versionId=W3GA7Y0zjxCi6NsOHMV.9dfjI2Meidcb to asset
2020-10-08T15:37:48-0400 [INFO    ] backups2datalad.py Syncing asset /sub-389020/sub-389020_ses-20180706T152613_behavior+image+ophys.nwb
2020-10-08T15:37:49-0400 [INFO    ] backups2datalad.py Asset not in dataset; will copy
2020-10-08T15:37:49-0400 [INFO    ] backups2datalad.py cp /mnt/backup/dandi/dandiarchive-s3-backup/girder-assetstore/75/e1/75e1096a64df4871a5f3a0bd365bcafa -> /mnt/backup/dandi/dandiarchive-replica/000036/sub-389020/sub-389020_ses-20180706T152613_behavior+image+ophys.nwb
2020-10-08T15:37:53-0400 [INFO    ] backups2datalad.py Adding asset to dataset
2020-10-08T15:38:03-0400 [INFO    ] backups2datalad.py Adding URL https://dandiarchive.s3.amazonaws.com/girder-assetstore/75/e1/75e1096a64df4871a5f3a0bd365bcafa?versionId=aEuqh.UM0o5f.w1q0fI_kWOetnVQXGMP to asset
2020-10-08T15:38:03-0400 [INFO    ] backups2datalad.py Syncing asset /sub-389020/sub-389020_ses-20180709T153218_behavior+image+ophys.nwb
2020-10-08T15:38:03-0400 [INFO    ] backups2datalad.py Asset not in dataset; will copy
2020-10-08T15:38:03-0400 [INFO    ] backups2datalad.py cp /mnt/backup/dandi/dandiarchive-s3-backup/girder-assetstore/4d/57/4d5796923de64c268528af01c87bba52 -> /mnt/backup/dandi/dandiarchive-replica/000036/sub-389020/sub-389020_ses-20180709T153218_behavior+image+ophys.nwb
2020-10-08T15:38:04-0400 [INFO    ] backups2datalad.py Adding asset to dataset
2020-10-08T15:38:13-0400 [INFO    ] backups2datalad.py Adding URL https://dandiarchive.s3.amazonaws.com/girder-assetstore/4d/57/4d5796923de64c268528af01c87bba52?versionId=tDMO7o931gfN0ZkxwXxBGUKJp.V8tJay to asset
2020-10-08T15:38:14-0400 [INFO    ] backups2datalad.py Syncing asset /sub-389020/sub-389020_ses-20180710T152650_behavior+image+ophys.nwb
2020-10-08T15:38:14-0400 [INFO    ] backups2datalad.py Asset not in dataset; will copy
2020-10-08T15:38:14-0400 [INFO    ] backups2datalad.py cp /mnt/backup/dandi/dandiarchive-s3-backup/girder-assetstore/7e/8c/7e8c7c27152f413a9e6514a98e597e6b -> /mnt/backup/dandi/dandiarchive-replica/000036/sub-389020/sub-389020_ses-20180710T152650_behavior+image+ophys.nwb
2020-10-08T15:38:14-0400 [INFO    ] backups2datalad.py Adding asset to dataset
2020-10-08T15:38:24-0400 [INFO    ] backups2datalad.py Adding URL https://dandiarchive.s3.amazonaws.com/girder-assetstore/7e/8c/7e8c7c27152f413a9e6514a98e597e6b?versionId=gBjT8LtGIP167EVWoebDMzbwVStPX.Hr to asset
2020-10-08T15:38:24-0400 [INFO    ] backups2datalad.py Syncing asset /sub-389020/sub-389020_ses-20180711T152912_behavior+image+ophys.nwb
2020-10-08T15:38:24-0400 [INFO    ] backups2datalad.py Asset not in dataset; will copy
2020-10-08T15:38:24-0400 [INFO    ] backups2datalad.py cp /mnt/backup/dandi/dandiarchive-s3-backup/girder-assetstore/c1/79/c179e4ce029342358893ea23725fa2c2 -> /mnt/backup/dandi/dandiarchive-replica/000036/sub-389020/sub-389020_ses-20180711T152912_behavior+image+ophys.nwb
2020-10-08T15:38:24-0400 [INFO    ] backups2datalad.py Adding asset to dataset
2020-10-08T15:38:34-0400 [INFO    ] backups2datalad.py Adding URL https://dandiarchive.s3.amazonaws.com/girder-assetstore/c1/79/c179e4ce029342358893ea23725fa2c2?versionId=RNfABFYps547lykXLvUHSspfCjs5_7tK to asset
2020-10-08T15:38:35-0400 [INFO    ] backups2datalad.py Syncing asset /sub-389020/sub-389020_ses-20180713T153905_behavior+image+ophys.nwb
2020-10-08T15:38:35-0400 [INFO    ] backups2datalad.py Asset not in dataset; will copy
2020-10-08T15:38:35-0400 [INFO    ] backups2datalad.py cp /mnt/backup/dandi/dandiarchive-s3-backup/girder-assetstore/7a/28/7a2892e6b72b467e84b48697d2014a69 -> /mnt/backup/dandi/dandiarchive-replica/000036/sub-389020/sub-389020_ses-20180713T153905_behavior+image+ophys.nwb
2020-10-08T15:38:35-0400 [INFO    ] backups2datalad.py Adding asset to dataset
2020-10-08T15:38:45-0400 [INFO    ] backups2datalad.py Adding URL https://dandiarchive.s3.amazonaws.com/girder-assetstore/7a/28/7a2892e6b72b467e84b48697d2014a69?versionId=_e5z45hdvL21cqAcaDnGgVDAIi5wHFnj to asset
2020-10-08T15:38:45-0400 [INFO    ] backups2datalad.py Syncing asset /sub-389020/sub-389020_ses-20180716T152622_behavior+image+ophys.nwb
2020-10-08T15:38:46-0400 [INFO    ] backups2datalad.py Asset not in dataset; will copy
2020-10-08T15:38:46-0400 [INFO    ] backups2datalad.py cp /mnt/backup/dandi/dandiarchive-s3-backup/girder-assetstore/17/86/178656473046480ba170fa804c0660f4 -> /mnt/backup/dandi/dandiarchive-replica/000036/sub-389020/sub-389020_ses-20180716T152622_behavior+image+ophys.nwb
2020-10-08T15:38:46-0400 [INFO    ] backups2datalad.py Adding asset to dataset
2020-10-08T15:38:56-0400 [INFO    ] backups2datalad.py Adding URL https://dandiarchive.s3.amazonaws.com/girder-assetstore/17/86/178656473046480ba170fa804c0660f4?versionId=8WlKTGWJJDFr9lUjvVlrhlhQ.HsOqtHo to asset
2020-10-08T15:38:56-0400 [INFO    ] backups2datalad.py Syncing asset /sub-389020/sub-389020_ses-20180717T152348_behavior+image+ophys.nwb
2020-10-08T15:38:56-0400 [INFO    ] backups2datalad.py Asset not in dataset; will copy
2020-10-08T15:38:56-0400 [INFO    ] backups2datalad.py cp /mnt/backup/dandi/dandiarchive-s3-backup/girder-assetstore/36/1b/361b5b6e3a47483ab048fe30116ebe08 -> /mnt/backup/dandi/dandiarchive-replica/000036/sub-389020/sub-389020_ses-20180717T152348_behavior+image+ophys.nwb
2020-10-08T15:38:57-0400 [INFO    ] backups2datalad.py Adding asset to dataset
2020-10-08T15:39:06-0400 [INFO    ] backups2datalad.py Adding URL https://dandiarchive.s3.amazonaws.com/girder-assetstore/36/1b/361b5b6e3a47483ab048fe30116ebe08?versionId=fbS3bsUWcDz9OwuFHE52U80QpEVS1Un5 to asset
2020-10-08T15:39:07-0400 [INFO    ] backups2datalad.py Syncing asset /sub-389020/sub-389020_ses-20180718T152401_behavior+image+ophys.nwb
2020-10-08T15:39:07-0400 [INFO    ] backups2datalad.py Asset not in dataset; will copy
2020-10-08T15:39:07-0400 [INFO    ] backups2datalad.py cp /mnt/backup/dandi/dandiarchive-s3-backup/girder-assetstore/81/72/81729d31b0ec45429cdb1f9415779160 -> /mnt/backup/dandi/dandiarchive-replica/000036/sub-389020/sub-389020_ses-20180718T152401_behavior+image+ophys.nwb
2020-10-08T15:39:08-0400 [INFO    ] backups2datalad.py Adding asset to dataset
2020-10-08T15:39:17-0400 [INFO    ] backups2datalad.py Adding URL https://dandiarchive.s3.amazonaws.com/girder-assetstore/81/72/81729d31b0ec45429cdb1f9415779160?versionId=sXgI.T.TcZUUUWNWyHSBsMnUhE7o79YN to asset
2020-10-08T15:39:17-0400 [INFO    ] backups2datalad.py Syncing asset /sub-389020/sub-389020_ses-20180723T152916_behavior+image+ophys.nwb
2020-10-08T15:39:18-0400 [INFO    ] backups2datalad.py Asset not in dataset; will copy
2020-10-08T15:39:18-0400 [INFO    ] backups2datalad.py cp /mnt/backup/dandi/dandiarchive-s3-backup/girder-assetstore/75/5e/755ee00fd07a4c599ba48b2edfc49f43 -> /mnt/backup/dandi/dandiarchive-replica/000036/sub-389020/sub-389020_ses-20180723T152916_behavior+image+ophys.nwb
2020-10-08T15:39:18-0400 [INFO    ] backups2datalad.py Adding asset to dataset
2020-10-08T15:39:27-0400 [INFO    ] backups2datalad.py Adding URL https://dandiarchive.s3.amazonaws.com/girder-assetstore/75/5e/755ee00fd07a4c599ba48b2edfc49f43?versionId=wCXdzkw5F4CEQvCZ5O0XI78j1eEK7j6D to asset
2020-10-08T15:39:28-0400 [INFO    ] backups2datalad.py Syncing asset /sub-390958/sub-390958_ses-20180705T171438_behavior+image+ophys.nwb
2020-10-08T15:39:28-0400 [INFO    ] backups2datalad.py Asset not in dataset; will copy
2020-10-08T15:39:28-0400 [INFO    ] backups2datalad.py cp /mnt/backup/dandi/dandiarchive-s3-backup/girder-assetstore/1c/68/1c685417f5484176955221d6cdab99c2 -> /mnt/backup/dandi/dandiarchive-replica/000036/sub-390958/sub-390958_ses-20180705T171438_behavior+image+ophys.nwb
2020-10-08T15:39:44-0400 [INFO    ] backups2datalad.py Adding asset to dataset
2020-10-08T15:40:00-0400 [INFO    ] backups2datalad.py Adding URL https://dandiarchive.s3.amazonaws.com/girder-assetstore/1c/68/1c685417f5484176955221d6cdab99c2?versionId=gy4KGWCqmDr8EhlC_rUR_V5ik.JCqHTU to asset
2020-10-08T15:40:00-0400 [INFO    ] backups2datalad.py Syncing asset /sub-390958/sub-390958_ses-20180709T200603_behavior+image+ophys.nwb
2020-10-08T15:40:00-0400 [INFO    ] backups2datalad.py Asset not in dataset; will copy
2020-10-08T15:40:00-0400 [INFO    ] backups2datalad.py cp /mnt/backup/dandi/dandiarchive-s3-backup/girder-assetstore/f9/55/f95569b6707f428191525366a03e2565 -> /mnt/backup/dandi/dandiarchive-replica/000036/sub-390958/sub-390958_ses-20180709T200603_behavior+image+ophys.nwb
2020-10-08T15:40:01-0400 [INFO    ] backups2datalad.py Adding asset to dataset
2020-10-08T15:40:13-0400 [INFO    ] backups2datalad.py Adding URL https://dandiarchive.s3.amazonaws.com/girder-assetstore/f9/55/f95569b6707f428191525366a03e2565?versionId=PFmcymKDDHMXj6B7Hy_I0WjtC2pBfO1r to asset
2020-10-08T15:40:16-0400 [INFO    ] backups2datalad.py Syncing asset /sub-390958/sub-390958_ses-20180710T190735_behavior+image+ophys.nwb
2020-10-08T15:40:16-0400 [INFO    ] backups2datalad.py Asset not in dataset; will copy
2020-10-08T15:40:16-0400 [INFO    ] backups2datalad.py cp /mnt/backup/dandi/dandiarchive-s3-backup/girder-assetstore/47/ac/47aceab78b474b18b510ca5b5e986d41 -> /mnt/backup/dandi/dandiarchive-replica/000036/sub-390958/sub-390958_ses-20180710T190735_behavior+image+ophys.nwb
2020-10-08T15:40:17-0400 [INFO    ] backups2datalad.py Adding asset to dataset
2020-10-08T15:40:29-0400 [INFO    ] backups2datalad.py Adding URL https://dandiarchive.s3.amazonaws.com/girder-assetstore/47/ac/47aceab78b474b18b510ca5b5e986d41?versionId=N05FAQunH4tVFVwSmg6rPQTGvVNGe8aX to asset
2020-10-08T15:40:30-0400 [INFO    ] backups2datalad.py Syncing asset /sub-390958/sub-390958_ses-20180711T194424_behavior+image+ophys.nwb
2020-10-08T15:40:31-0400 [INFO    ] backups2datalad.py Asset not in dataset; will copy
2020-10-08T15:40:31-0400 [INFO    ] backups2datalad.py cp /mnt/backup/dandi/dandiarchive-s3-backup/girder-assetstore/a7/23/a7236b9fc2cc44318d4cf3616731b439 -> /mnt/backup/dandi/dandiarchive-replica/000036/sub-390958/sub-390958_ses-20180711T194424_behavior+image+ophys.nwb
2020-10-08T15:40:31-0400 [INFO    ] backups2datalad.py Adding asset to dataset
2020-10-08T15:40:41-0400 [INFO    ] backups2datalad.py Adding URL https://dandiarchive.s3.amazonaws.com/girder-assetstore/a7/23/a7236b9fc2cc44318d4cf3616731b439?versionId=crfMAyO3o5PDZXHubf8q0Q6YDSKzzYEh to asset
2020-10-08T15:40:42-0400 [INFO    ] backups2datalad.py Syncing asset /sub-390958/sub-390958_ses-20180712T175204_behavior+image+ophys.nwb
2020-10-08T15:40:42-0400 [INFO    ] backups2datalad.py Asset not in dataset; will copy
2020-10-08T15:40:42-0400 [INFO    ] backups2datalad.py cp /mnt/backup/dandi/dandiarchive-s3-backup/girder-assetstore/11/a7/11a723a18bae41c8b059d31b00ca26fb -> /mnt/backup/dandi/dandiarchive-replica/000036/sub-390958/sub-390958_ses-20180712T175204_behavior+image+ophys.nwb
2020-10-08T15:40:43-0400 [INFO    ] backups2datalad.py Adding asset to dataset
2020-10-08T15:40:54-0400 [INFO    ] backups2datalad.py Adding URL https://dandiarchive.s3.amazonaws.com/girder-assetstore/11/a7/11a723a18bae41c8b059d31b00ca26fb?versionId=EXEqZTwYW9r81lqJTKiMMslSkb3.1bX3 to asset
2020-10-08T15:40:54-0400 [INFO    ] backups2datalad.py Syncing asset /sub-392392/sub-392392_ses-20180712T160546_behavior+image+ophys.nwb
2020-10-08T15:40:54-0400 [INFO    ] backups2datalad.py Asset not in dataset; will copy
2020-10-08T15:40:54-0400 [INFO    ] backups2datalad.py cp /mnt/backup/dandi/dandiarchive-s3-backup/girder-assetstore/e0/83/e083177344014056af772f0cd11329cd -> /mnt/backup/dandi/dandiarchive-replica/000036/sub-392392/sub-392392_ses-20180712T160546_behavior+image+ophys.nwb
2020-10-08T15:40:55-0400 [INFO    ] backups2datalad.py Adding asset to dataset
2020-10-08T15:41:06-0400 [INFO    ] backups2datalad.py Adding URL https://dandiarchive.s3.amazonaws.com/girder-assetstore/e0/83/e083177344014056af772f0cd11329cd?versionId=xxAnV8AsIGI8Sq4zssupiKI5z3VrNYKO to asset
2020-10-08T15:41:07-0400 [INFO    ] backups2datalad.py Syncing asset /sub-392392/sub-392392_ses-20180716T175039_behavior+image+ophys.nwb
2020-10-08T15:41:07-0400 [INFO    ] backups2datalad.py Asset not in dataset; will copy
2020-10-08T15:41:07-0400 [INFO    ] backups2datalad.py cp /mnt/backup/dandi/dandiarchive-s3-backup/girder-assetstore/88/22/8822ba533ef540edb85e538ecc168c92 -> /mnt/backup/dandi/dandiarchive-replica/000036/sub-392392/sub-392392_ses-20180716T175039_behavior+image+ophys.nwb
2020-10-08T15:41:07-0400 [INFO    ] backups2datalad.py Adding asset to dataset
2020-10-08T15:41:17-0400 [INFO    ] backups2datalad.py Adding URL https://dandiarchive.s3.amazonaws.com/girder-assetstore/88/22/8822ba533ef540edb85e538ecc168c92?versionId=26qyiQoJCh0xUYvZYUxUpjbRGR6tVWTF to asset
2020-10-08T15:41:18-0400 [INFO    ] backups2datalad.py Syncing asset /sub-392392/sub-392392_ses-20180717T175459_behavior+image+ophys.nwb
2020-10-08T15:41:18-0400 [INFO    ] backups2datalad.py Asset not in dataset; will copy
2020-10-08T15:41:18-0400 [INFO    ] backups2datalad.py cp /mnt/backup/dandi/dandiarchive-s3-backup/girder-assetstore/bd/a7/bda73cc8a1a141c5b644d9dd1412182f -> /mnt/backup/dandi/dandiarchive-replica/000036/sub-392392/sub-392392_ses-20180717T175459_behavior+image+ophys.nwb
2020-10-08T15:41:18-0400 [INFO    ] backups2datalad.py Adding asset to dataset
2020-10-08T15:41:28-0400 [INFO    ] backups2datalad.py Adding URL https://dandiarchive.s3.amazonaws.com/girder-assetstore/bd/a7/bda73cc8a1a141c5b644d9dd1412182f?versionId=JIg28rSz8.ldesKxhfK_okjQAX6PyKwy to asset
2020-10-08T15:41:29-0400 [INFO    ] backups2datalad.py Syncing asset /sub-392392/sub-392392_ses-20180718T174405_behavior+image+ophys.nwb
2020-10-08T15:41:29-0400 [INFO    ] backups2datalad.py Asset not in dataset; will copy
2020-10-08T15:41:29-0400 [INFO    ] backups2datalad.py cp /mnt/backup/dandi/dandiarchive-s3-backup/girder-assetstore/23/4a/234a19f533bb4cca9111c981ff3b51de -> /mnt/backup/dandi/dandiarchive-replica/000036/sub-392392/sub-392392_ses-20180718T174405_behavior+image+ophys.nwb
2020-10-08T15:41:30-0400 [INFO    ] backups2datalad.py Adding asset to dataset
2020-10-08T15:41:39-0400 [INFO    ] backups2datalad.py Adding URL https://dandiarchive.s3.amazonaws.com/girder-assetstore/23/4a/234a19f533bb4cca9111c981ff3b51de?versionId=_h9VwuJpYgx9nwZJGQJxa2DwDdI5SvIe to asset
2020-10-08T15:41:39-0400 [INFO    ] backups2datalad.py Syncing asset /sub-392392/sub-392392_ses-20180719T164503_behavior+image+ophys.nwb
2020-10-08T15:41:40-0400 [INFO    ] backups2datalad.py Asset not in dataset; will copy
2020-10-08T15:41:40-0400 [INFO    ] backups2datalad.py cp /mnt/backup/dandi/dandiarchive-s3-backup/girder-assetstore/2b/02/2b027a868a544c0aa7308a94f95674df -> /mnt/backup/dandi/dandiarchive-replica/000036/sub-392392/sub-392392_ses-20180719T164503_behavior+image+ophys.nwb
2020-10-08T15:41:40-0400 [INFO    ] backups2datalad.py Adding asset to dataset
2020-10-08T15:41:49-0400 [INFO    ] backups2datalad.py Adding URL https://dandiarchive.s3.amazonaws.com/girder-assetstore/2b/02/2b027a868a544c0aa7308a94f95674df?versionId=LFpd1E_Q9wPsCccdZAi6lT0jt_zOl4EY to asset
2020-10-08T15:41:49-0400 [INFO    ] backups2datalad.py Syncing asset /sub-395480/sub-395480_ses-20180724T175153_behavior+image+ophys.nwb
2020-10-08T15:41:49-0400 [INFO    ] backups2datalad.py Asset not in dataset; will copy
2020-10-08T15:41:49-0400 [INFO    ] backups2datalad.py cp /mnt/backup/dandi/dandiarchive-s3-backup/girder-assetstore/3d/9e/3d9e46a663414b4ca2d64f33b87f5bcb -> /mnt/backup/dandi/dandiarchive-replica/000036/sub-395480/sub-395480_ses-20180724T175153_behavior+image+ophys.nwb
2020-10-08T15:41:50-0400 [INFO    ] backups2datalad.py Adding asset to dataset
2020-10-08T15:42:00-0400 [INFO    ] backups2datalad.py Adding URL https://dandiarchive.s3.amazonaws.com/girder-assetstore/3d/9e/3d9e46a663414b4ca2d64f33b87f5bcb?versionId=yKIOHweXCOjz0dgmSRNBLKae0gPCJiiW to asset
2020-10-08T15:42:00-0400 [INFO    ] backups2datalad.py Syncing asset /sub-395480/sub-395480_ses-20180725T171120_behavior+image+ophys.nwb
2020-10-08T15:42:01-0400 [INFO    ] backups2datalad.py Asset not in dataset; will copy
2020-10-08T15:42:01-0400 [INFO    ] backups2datalad.py cp /mnt/backup/dandi/dandiarchive-s3-backup/girder-assetstore/bb/3c/bb3c0221982a4a53aec3871556bb93f9 -> /mnt/backup/dandi/dandiarchive-replica/000036/sub-395480/sub-395480_ses-20180725T171120_behavior+image+ophys.nwb
2020-10-08T15:42:01-0400 [INFO    ] backups2datalad.py Adding asset to dataset
2020-10-08T15:42:10-0400 [INFO    ] backups2datalad.py Adding URL https://dandiarchive.s3.amazonaws.com/girder-assetstore/bb/3c/bb3c0221982a4a53aec3871556bb93f9?versionId=2_d1a.tjpf1dNKq0rvIcZalOm5W4Ib7Y to asset
2020-10-08T15:42:10-0400 [INFO    ] backups2datalad.py Syncing asset /sub-395480/sub-395480_ses-20180730T180257_behavior+image+ophys.nwb
2020-10-08T15:42:11-0400 [INFO    ] backups2datalad.py Asset not in dataset; will copy
2020-10-08T15:42:11-0400 [INFO    ] backups2datalad.py cp /mnt/backup/dandi/dandiarchive-s3-backup/girder-assetstore/4d/fe/4dfe0da0d5cf401783de3962f6a2d602 -> /mnt/backup/dandi/dandiarchive-replica/000036/sub-395480/sub-395480_ses-20180730T180257_behavior+image+ophys.nwb
2020-10-08T15:42:11-0400 [INFO    ] backups2datalad.py Adding asset to dataset
2020-10-08T15:42:20-0400 [INFO    ] backups2datalad.py Adding URL https://dandiarchive.s3.amazonaws.com/girder-assetstore/4d/fe/4dfe0da0d5cf401783de3962f6a2d602?versionId=fxFsbd1NtElTfs.AOKLV3oBdwVRD3YF5 to asset
2020-10-08T15:42:21-0400 [INFO    ] backups2datalad.py Syncing asset /sub-395480/sub-395480_ses-20180731T175356_behavior+image+ophys.nwb
2020-10-08T15:42:21-0400 [INFO    ] backups2datalad.py Asset not in dataset; will copy
2020-10-08T15:42:21-0400 [INFO    ] backups2datalad.py cp /mnt/backup/dandi/dandiarchive-s3-backup/girder-assetstore/43/4e/434e6c50df7041b9a65c88aec1fa791d -> /mnt/backup/dandi/dandiarchive-replica/000036/sub-395480/sub-395480_ses-20180731T175356_behavior+image+ophys.nwb
2020-10-08T15:42:22-0400 [INFO    ] backups2datalad.py Adding asset to dataset
2020-10-08T15:42:30-0400 [INFO    ] backups2datalad.py Adding URL https://dandiarchive.s3.amazonaws.com/girder-assetstore/43/4e/434e6c50df7041b9a65c88aec1fa791d?versionId=glfl1BeLkTbnuPKzYU6Faj4GDeK1t0X2 to asset
2020-10-08T15:42:31-0400 [INFO    ] backups2datalad.py Syncing asset /sub-395480/sub-395480_ses-20180801T172922_behavior+image+ophys.nwb
2020-10-08T15:42:31-0400 [INFO    ] backups2datalad.py Asset not in dataset; will copy
2020-10-08T15:42:31-0400 [INFO    ] backups2datalad.py cp /mnt/backup/dandi/dandiarchive-s3-backup/girder-assetstore/5d/5e/5d5e3eb1c73a479fa6beccaeb2335f1b -> /mnt/backup/dandi/dandiarchive-replica/000036/sub-395480/sub-395480_ses-20180801T172922_behavior+image+ophys.nwb
2020-10-08T15:42:32-0400 [INFO    ] backups2datalad.py Adding asset to dataset
2020-10-08T15:42:40-0400 [INFO    ] backups2datalad.py Adding URL https://dandiarchive.s3.amazonaws.com/girder-assetstore/5d/5e/5d5e3eb1c73a479fa6beccaeb2335f1b?versionId=P_jaY0PKn52OzJWQcy2s7ZXcJt2xEAZH to asset
2020-10-08T15:42:41-0400 [INFO    ] backups2datalad.py Syncing asset /sub-395480/sub-395480_ses-20180802T173850_behavior+image+ophys.nwb
2020-10-08T15:42:41-0400 [INFO    ] backups2datalad.py Asset not in dataset; will copy
2020-10-08T15:42:41-0400 [INFO    ] backups2datalad.py cp /mnt/backup/dandi/dandiarchive-s3-backup/girder-assetstore/e6/49/e64947827360421a928703d6b19e08d2 -> /mnt/backup/dandi/dandiarchive-replica/000036/sub-395480/sub-395480_ses-20180802T173850_behavior+image+ophys.nwb
2020-10-08T15:42:42-0400 [INFO    ] backups2datalad.py Adding asset to dataset
2020-10-08T15:42:51-0400 [INFO    ] backups2datalad.py Adding URL https://dandiarchive.s3.amazonaws.com/girder-assetstore/e6/49/e64947827360421a928703d6b19e08d2?versionId=t.vhfPeCEFUGBG841iAmbp0Vca5tvha6 to asset
2020-10-08T15:42:51-0400 [INFO    ] backups2datalad.py Syncing asset /sub-395481/sub-395481_ses-20180725T154856_behavior+image+ophys.nwb
2020-10-08T15:42:52-0400 [INFO    ] backups2datalad.py Asset not in dataset; will copy
2020-10-08T15:42:52-0400 [INFO    ] backups2datalad.py cp /mnt/backup/dandi/dandiarchive-s3-backup/girder-assetstore/b8/b3/b8b32afe7bcf4be5bf17c9cdfed23f2f -> /mnt/backup/dandi/dandiarchive-replica/000036/sub-395481/sub-395481_ses-20180725T154856_behavior+image+ophys.nwb
2020-10-08T15:42:52-0400 [INFO    ] backups2datalad.py Adding asset to dataset
2020-10-08T15:43:01-0400 [INFO    ] backups2datalad.py Adding URL https://dandiarchive.s3.amazonaws.com/girder-assetstore/b8/b3/b8b32afe7bcf4be5bf17c9cdfed23f2f?versionId=YjmMThuWeHnwmXJDo.4SunlP62O8s39m to asset
2020-10-08T15:43:01-0400 [INFO    ] backups2datalad.py Syncing asset /sub-395481/sub-395481_ses-20180726T153601_behavior+image+ophys.nwb
2020-10-08T15:43:02-0400 [INFO    ] backups2datalad.py Asset not in dataset; will copy
2020-10-08T15:43:02-0400 [INFO    ] backups2datalad.py cp /mnt/backup/dandi/dandiarchive-s3-backup/girder-assetstore/68/9b/689b0dc5fccc4df6afd02cd4c91f72f6 -> /mnt/backup/dandi/dandiarchive-replica/000036/sub-395481/sub-395481_ses-20180726T153601_behavior+image+ophys.nwb
2020-10-08T15:43:02-0400 [INFO    ] backups2datalad.py Adding asset to dataset
2020-10-08T15:43:13-0400 [INFO    ] backups2datalad.py Adding URL https://dandiarchive.s3.amazonaws.com/girder-assetstore/68/9b/689b0dc5fccc4df6afd02cd4c91f72f6?versionId=sj5cbnxnleqQk9PPyHqV0N1neTnVwLgq to asset
2020-10-08T15:43:14-0400 [INFO    ] backups2datalad.py Syncing asset /sub-395481/sub-395481_ses-20180730T152546_behavior+image+ophys.nwb
2020-10-08T15:43:14-0400 [INFO    ] backups2datalad.py Asset not in dataset; will copy
2020-10-08T15:43:14-0400 [INFO    ] backups2datalad.py cp /mnt/backup/dandi/dandiarchive-s3-backup/girder-assetstore/9d/8a/9d8a8dc4c1474ad0b9020ff8219df97c -> /mnt/backup/dandi/dandiarchive-replica/000036/sub-395481/sub-395481_ses-20180730T152546_behavior+image+ophys.nwb
2020-10-08T15:43:14-0400 [INFO    ] backups2datalad.py Adding asset to dataset
2020-10-08T15:43:25-0400 [INFO    ] backups2datalad.py Adding URL https://dandiarchive.s3.amazonaws.com/girder-assetstore/9d/8a/9d8a8dc4c1474ad0b9020ff8219df97c?versionId=FLeGS5DRzbTVEnIGzVFc9MAhqqsAY5nG to asset
2020-10-08T15:43:26-0400 [INFO    ] backups2datalad.py Syncing asset /sub-395481/sub-395481_ses-20180807T152634_behavior+image+ophys.nwb
2020-10-08T15:43:26-0400 [INFO    ] backups2datalad.py Asset not in dataset; will copy
2020-10-08T15:43:26-0400 [INFO    ] backups2datalad.py cp /mnt/backup/dandi/dandiarchive-s3-backup/girder-assetstore/20/e0/20e0c07a2d674a32b63b78d90d4f82cd -> /mnt/backup/dandi/dandiarchive-replica/000036/sub-395481/sub-395481_ses-20180807T152634_behavior+image+ophys.nwb
2020-10-08T15:43:26-0400 [INFO    ] backups2datalad.py Adding asset to dataset
2020-10-08T15:43:37-0400 [INFO    ] backups2datalad.py Adding URL https://dandiarchive.s3.amazonaws.com/girder-assetstore/20/e0/20e0c07a2d674a32b63b78d90d4f82cd?versionId=DCo9cxYzKuXAqdIotCSJOlcUWwJJ5C5o to asset
2020-10-08T15:43:37-0400 [INFO    ] backups2datalad.py Syncing asset /sub-402796/sub-402796_ses-20180824T201109_behavior+image+ophys.nwb
2020-10-08T15:43:38-0400 [INFO    ] backups2datalad.py Asset not in dataset; will copy
2020-10-08T15:43:38-0400 [INFO    ] backups2datalad.py cp /mnt/backup/dandi/dandiarchive-s3-backup/girder-assetstore/ba/a9/baa9c35b3144458b8c6346ba70142901 -> /mnt/backup/dandi/dandiarchive-replica/000036/sub-402796/sub-402796_ses-20180824T201109_behavior+image+ophys.nwb
2020-10-08T15:43:38-0400 [INFO    ] backups2datalad.py Adding asset to dataset
2020-10-08T15:43:47-0400 [INFO    ] backups2datalad.py Adding URL https://dandiarchive.s3.amazonaws.com/girder-assetstore/ba/a9/baa9c35b3144458b8c6346ba70142901?versionId=hpPsIeh5A_QeEZEQaAibF.GIMNxoij1E to asset
2020-10-08T15:43:47-0400 [INFO    ] backups2datalad.py Syncing asset /sub-402796/sub-402796_ses-20180827T230250_behavior+image+ophys.nwb
2020-10-08T15:43:48-0400 [INFO    ] backups2datalad.py Asset not in dataset; will copy
2020-10-08T15:43:48-0400 [INFO    ] backups2datalad.py cp /mnt/backup/dandi/dandiarchive-s3-backup/girder-assetstore/04/e2/04e26454d5874194a91fd5c9676addf0 -> /mnt/backup/dandi/dandiarchive-replica/000036/sub-402796/sub-402796_ses-20180827T230250_behavior+image+ophys.nwb
2020-10-08T15:43:48-0400 [INFO    ] backups2datalad.py Adding asset to dataset
2020-10-08T15:43:57-0400 [INFO    ] backups2datalad.py Adding URL https://dandiarchive.s3.amazonaws.com/girder-assetstore/04/e2/04e26454d5874194a91fd5c9676addf0?versionId=BQty0G_N.IbPqt_qkcWYZmBbxhQl9NFv to asset
2020-10-08T15:43:58-0400 [INFO    ] backups2datalad.py Syncing asset /sub-402796/sub-402796_ses-20180828T210208_behavior+image+ophys.nwb
2020-10-08T15:43:58-0400 [INFO    ] backups2datalad.py Asset not in dataset; will copy
2020-10-08T15:43:58-0400 [INFO    ] backups2datalad.py cp /mnt/backup/dandi/dandiarchive-s3-backup/girder-assetstore/6c/ae/6caeffcc05564ac0a5a7e41b0e863655 -> /mnt/backup/dandi/dandiarchive-replica/000036/sub-402796/sub-402796_ses-20180828T210208_behavior+image+ophys.nwb
2020-10-08T15:43:59-0400 [INFO    ] backups2datalad.py Adding asset to dataset
2020-10-08T15:44:08-0400 [INFO    ] backups2datalad.py Adding URL https://dandiarchive.s3.amazonaws.com/girder-assetstore/6c/ae/6caeffcc05564ac0a5a7e41b0e863655?versionId=1NeM0MqxYTASB7CE5tPsvqKUB7zT1SyZ to asset
2020-10-08T15:44:08-0400 [INFO    ] backups2datalad.py Syncing asset /sub-402796/sub-402796_ses-20180829T211909_behavior+image+ophys.nwb
2020-10-08T15:44:09-0400 [INFO    ] backups2datalad.py Asset not in dataset; will copy
2020-10-08T15:44:09-0400 [INFO    ] backups2datalad.py cp /mnt/backup/dandi/dandiarchive-s3-backup/girder-assetstore/a4/0e/a40ed1ae161f4beaa0fdb2e9fddb4fe7 -> /mnt/backup/dandi/dandiarchive-replica/000036/sub-402796/sub-402796_ses-20180829T211909_behavior+image+ophys.nwb
2020-10-08T15:44:09-0400 [INFO    ] backups2datalad.py Adding asset to dataset
2020-10-08T15:44:18-0400 [INFO    ] backups2datalad.py Adding URL https://dandiarchive.s3.amazonaws.com/girder-assetstore/a4/0e/a40ed1ae161f4beaa0fdb2e9fddb4fe7?versionId=NcKx2sYX1Lo_5fBLnevNSAo5viG6FiGA to asset
2020-10-08T15:44:18-0400 [INFO    ] backups2datalad.py Syncing asset /sub-402796/sub-402796_ses-20180831T004642_behavior+image+ophys.nwb
2020-10-08T15:44:19-0400 [INFO    ] backups2datalad.py Asset not in dataset; will copy
2020-10-08T15:44:19-0400 [INFO    ] backups2datalad.py cp /mnt/backup/dandi/dandiarchive-s3-backup/girder-assetstore/38/3b/383bb872f4ff4f8db33efcd1a19d4c4f -> /mnt/backup/dandi/dandiarchive-replica/000036/sub-402796/sub-402796_ses-20180831T004642_behavior+image+ophys.nwb
2020-10-08T15:44:19-0400 [INFO    ] backups2datalad.py Adding asset to dataset
2020-10-08T15:44:28-0400 [INFO    ] backups2datalad.py Adding URL https://dandiarchive.s3.amazonaws.com/girder-assetstore/38/3b/383bb872f4ff4f8db33efcd1a19d4c4f?versionId=9a1UCrqN1e1wHNyDtVpdJLqMUW9TpskS to asset
2020-10-08T15:44:29-0400 [INFO    ] backups2datalad.py Syncing asset /sub-402796/sub-402796_ses-20180906T210142_behavior+image+ophys.nwb
2020-10-08T15:44:29-0400 [INFO    ] backups2datalad.py Asset not in dataset; will copy
2020-10-08T15:44:29-0400 [INFO    ] backups2datalad.py cp /mnt/backup/dandi/dandiarchive-s3-backup/girder-assetstore/e1/e6/e1e68ef2e1b242ed8c2aa640300735a7 -> /mnt/backup/dandi/dandiarchive-replica/000036/sub-402796/sub-402796_ses-20180906T210142_behavior+image+ophys.nwb
2020-10-08T15:44:29-0400 [INFO    ] backups2datalad.py Adding asset to dataset
2020-10-08T15:44:39-0400 [INFO    ] backups2datalad.py Adding URL https://dandiarchive.s3.amazonaws.com/girder-assetstore/e1/e6/e1e68ef2e1b242ed8c2aa640300735a7?versionId=mOPp0tj5KeOvs9csCjzZQDxpus9R6wcV to asset
2020-10-08T15:44:39-0400 [INFO    ] backups2datalad.py Syncing asset /sub-405808/sub-405808_ses-20180907T194312_behavior+image+ophys.nwb
2020-10-08T15:44:39-0400 [INFO    ] backups2datalad.py Asset not in dataset; will copy
2020-10-08T15:44:39-0400 [INFO    ] backups2datalad.py cp /mnt/backup/dandi/dandiarchive-s3-backup/girder-assetstore/32/1f/321f8e78b7c94ec382af36f0951d7b90 -> /mnt/backup/dandi/dandiarchive-replica/000036/sub-405808/sub-405808_ses-20180907T194312_behavior+image+ophys.nwb
2020-10-08T15:44:40-0400 [INFO    ] backups2datalad.py Adding asset to dataset
2020-10-08T15:44:50-0400 [INFO    ] backups2datalad.py Adding URL https://dandiarchive.s3.amazonaws.com/girder-assetstore/32/1f/321f8e78b7c94ec382af36f0951d7b90?versionId=cBX0_NfVgUO8HCamY.SrCD4txkgSH_7y to asset
2020-10-08T15:44:51-0400 [INFO    ] backups2datalad.py Syncing asset /sub-405808/sub-405808_ses-20180910T232832_behavior+image+ophys.nwb
2020-10-08T15:44:51-0400 [INFO    ] backups2datalad.py Asset not in dataset; will copy
2020-10-08T15:44:51-0400 [INFO    ] backups2datalad.py cp /mnt/backup/dandi/dandiarchive-s3-backup/girder-assetstore/8c/0b/8c0b3cdfe08d449f87fffd7dac5c0eed -> /mnt/backup/dandi/dandiarchive-replica/000036/sub-405808/sub-405808_ses-20180910T232832_behavior+image+ophys.nwb
2020-10-08T15:44:52-0400 [INFO    ] backups2datalad.py Adding asset to dataset
2020-10-08T15:45:01-0400 [INFO    ] backups2datalad.py Adding URL https://dandiarchive.s3.amazonaws.com/girder-assetstore/8c/0b/8c0b3cdfe08d449f87fffd7dac5c0eed?versionId=O_jdO77ZkPwG4UY7TPt9JOy6ZLKyS.tS to asset
2020-10-08T15:45:02-0400 [INFO    ] backups2datalad.py Syncing asset /sub-405808/sub-405808_ses-20180912T221001_behavior+image+ophys.nwb
2020-10-08T15:45:02-0400 [INFO    ] backups2datalad.py Asset not in dataset; will copy
2020-10-08T15:45:02-0400 [INFO    ] backups2datalad.py cp /mnt/backup/dandi/dandiarchive-s3-backup/girder-assetstore/24/a4/24a44a79ccd049c4b3d12399725c1f60 -> /mnt/backup/dandi/dandiarchive-replica/000036/sub-405808/sub-405808_ses-20180912T221001_behavior+image+ophys.nwb
2020-10-08T15:45:03-0400 [INFO    ] backups2datalad.py Adding asset to dataset
2020-10-08T15:45:12-0400 [INFO    ] backups2datalad.py Adding URL https://dandiarchive.s3.amazonaws.com/girder-assetstore/24/a4/24a44a79ccd049c4b3d12399725c1f60?versionId=VLZ7s3HmYERzj2m8yff48bf3MHg9u5qj to asset
2020-10-08T15:45:12-0400 [INFO    ] backups2datalad.py Syncing asset /sub-405808/sub-405808_ses-20180913T224013_behavior+image+ophys.nwb
2020-10-08T15:45:13-0400 [INFO    ] backups2datalad.py Asset not in dataset; will copy
2020-10-08T15:45:13-0400 [INFO    ] backups2datalad.py cp /mnt/backup/dandi/dandiarchive-s3-backup/girder-assetstore/26/77/2677a98ac8cd4bd0884c01023f5c6f44 -> /mnt/backup/dandi/dandiarchive-replica/000036/sub-405808/sub-405808_ses-20180913T224013_behavior+image+ophys.nwb
2020-10-08T15:45:15-0400 [INFO    ] backups2datalad.py Adding asset to dataset
2020-10-08T15:45:26-0400 [INFO    ] backups2datalad.py Adding URL https://dandiarchive.s3.amazonaws.com/girder-assetstore/26/77/2677a98ac8cd4bd0884c01023f5c6f44?versionId=wwm0WErlaacSHFF6yCyCuwqXBDvLcSGG to asset
2020-10-08T15:45:26-0400 [INFO    ] backups2datalad.py Syncing asset /sub-405808/sub-405808_ses-20180914T231328_behavior+image+ophys.nwb
2020-10-08T15:45:26-0400 [INFO    ] backups2datalad.py Asset not in dataset; will copy
2020-10-08T15:45:26-0400 [INFO    ] backups2datalad.py cp /mnt/backup/dandi/dandiarchive-s3-backup/girder-assetstore/02/6b/026b6a7795d34a2c91ec19333a301543 -> /mnt/backup/dandi/dandiarchive-replica/000036/sub-405808/sub-405808_ses-20180914T231328_behavior+image+ophys.nwb
2020-10-08T15:45:27-0400 [INFO    ] backups2datalad.py Adding asset to dataset
2020-10-08T15:45:36-0400 [INFO    ] backups2datalad.py Adding URL https://dandiarchive.s3.amazonaws.com/girder-assetstore/02/6b/026b6a7795d34a2c91ec19333a301543?versionId=CkekDA98ZgNvVEGPUyOd8RlVGSoerUUO to asset
2020-10-08T15:45:36-0400 [INFO    ] backups2datalad.py Syncing asset /sub-405808/sub-405808_ses-20180918T004417_behavior+image+ophys.nwb
2020-10-08T15:45:36-0400 [INFO    ] backups2datalad.py Asset not in dataset; will copy
2020-10-08T15:45:36-0400 [INFO    ] backups2datalad.py cp /mnt/backup/dandi/dandiarchive-s3-backup/girder-assetstore/7b/fe/7bfe4ee78a23431fbc3b9e48086977f5 -> /mnt/backup/dandi/dandiarchive-replica/000036/sub-405808/sub-405808_ses-20180918T004417_behavior+image+ophys.nwb
2020-10-08T15:45:37-0400 [INFO    ] backups2datalad.py Adding asset to dataset
2020-10-08T15:45:46-0400 [INFO    ] backups2datalad.py Adding URL https://dandiarchive.s3.amazonaws.com/girder-assetstore/7b/fe/7bfe4ee78a23431fbc3b9e48086977f5?versionId=150eeXSqPhMKFFX3qqgFaVe4PXosu1T1 to asset
2020-10-08T15:45:46-0400 [INFO    ] backups2datalad.py Syncing asset /sub-406876/sub-406876_ses-20180906T230406_behavior+image+ophys.nwb
2020-10-08T15:45:47-0400 [INFO    ] backups2datalad.py Asset not in dataset; will copy
2020-10-08T15:45:47-0400 [INFO    ] backups2datalad.py cp /mnt/backup/dandi/dandiarchive-s3-backup/girder-assetstore/59/95/599568f7c7c145df9a83ea7ef6db8bb9 -> /mnt/backup/dandi/dandiarchive-replica/000036/sub-406876/sub-406876_ses-20180906T230406_behavior+image+ophys.nwb
2020-10-08T15:45:48-0400 [INFO    ] backups2datalad.py Adding asset to dataset
2020-10-08T15:45:57-0400 [INFO    ] backups2datalad.py Adding URL https://dandiarchive.s3.amazonaws.com/girder-assetstore/59/95/599568f7c7c145df9a83ea7ef6db8bb9?versionId=xMHplTgS1YKoAqBAZ8kP3WpWz3U8SB0J to asset
2020-10-08T15:45:58-0400 [INFO    ] backups2datalad.py Syncing asset /sub-406876/sub-406876_ses-20180910T215954_behavior+image+ophys.nwb
2020-10-08T15:45:58-0400 [INFO    ] backups2datalad.py Asset not in dataset; will copy
2020-10-08T15:45:58-0400 [INFO    ] backups2datalad.py cp /mnt/backup/dandi/dandiarchive-s3-backup/girder-assetstore/cd/63/cd639dd82698463f9dca5c2ce817feff -> /mnt/backup/dandi/dandiarchive-replica/000036/sub-406876/sub-406876_ses-20180910T215954_behavior+image+ophys.nwb
2020-10-08T15:45:59-0400 [INFO    ] backups2datalad.py Adding asset to dataset
2020-10-08T15:46:08-0400 [INFO    ] backups2datalad.py Adding URL https://dandiarchive.s3.amazonaws.com/girder-assetstore/cd/63/cd639dd82698463f9dca5c2ce817feff?versionId=XZb5rAuYsW.6AMLwUgsNGih0wlKaVZSp to asset
2020-10-08T15:46:09-0400 [INFO    ] backups2datalad.py Syncing asset /sub-406876/sub-406876_ses-20180912T212600_behavior+image+ophys.nwb
2020-10-08T15:46:09-0400 [INFO    ] backups2datalad.py Asset not in dataset; will copy
2020-10-08T15:46:09-0400 [INFO    ] backups2datalad.py cp /mnt/backup/dandi/dandiarchive-s3-backup/girder-assetstore/6b/31/6b31c3fd0c5b4492b8486be516cf4c02 -> /mnt/backup/dandi/dandiarchive-replica/000036/sub-406876/sub-406876_ses-20180912T212600_behavior+image+ophys.nwb
2020-10-08T15:46:09-0400 [INFO    ] backups2datalad.py Adding asset to dataset
2020-10-08T15:46:18-0400 [INFO    ] backups2datalad.py Adding URL https://dandiarchive.s3.amazonaws.com/girder-assetstore/6b/31/6b31c3fd0c5b4492b8486be516cf4c02?versionId=vLIroCOzOV1KqNI2p2dGOfegcvW7UjZ0 to asset
2020-10-08T15:46:18-0400 [INFO    ] backups2datalad.py Syncing asset /sub-406876/sub-406876_ses-20180913T230252_behavior+image+ophys.nwb
2020-10-08T15:46:18-0400 [INFO    ] backups2datalad.py Asset not in dataset; will copy
2020-10-08T15:46:18-0400 [INFO    ] backups2datalad.py cp /mnt/backup/dandi/dandiarchive-s3-backup/girder-assetstore/71/c7/71c70951924e4c54bc08a3cd370734eb -> /mnt/backup/dandi/dandiarchive-replica/000036/sub-406876/sub-406876_ses-20180913T230252_behavior+image+ophys.nwb
2020-10-08T15:46:19-0400 [INFO    ] backups2datalad.py Adding asset to dataset
2020-10-08T15:46:28-0400 [INFO    ] backups2datalad.py Adding URL https://dandiarchive.s3.amazonaws.com/girder-assetstore/71/c7/71c70951924e4c54bc08a3cd370734eb?versionId=GathyojWD1b0_ePqfWzi6GR1xTTgNX.7 to asset
2020-10-08T15:46:28-0400 [INFO    ] backups2datalad.py Syncing asset /sub-406876/sub-406876_ses-20180914T220948_behavior+image+ophys.nwb
2020-10-08T15:46:29-0400 [INFO    ] backups2datalad.py Asset not in dataset; will copy
2020-10-08T15:46:29-0400 [INFO    ] backups2datalad.py cp /mnt/backup/dandi/dandiarchive-s3-backup/girder-assetstore/df/17/df175a055ab24b7baebdc723fdf51274 -> /mnt/backup/dandi/dandiarchive-replica/000036/sub-406876/sub-406876_ses-20180914T220948_behavior+image+ophys.nwb
2020-10-08T15:46:29-0400 [INFO    ] backups2datalad.py Adding asset to dataset
2020-10-08T15:46:37-0400 [INFO    ] backups2datalad.py Adding URL https://dandiarchive.s3.amazonaws.com/girder-assetstore/df/17/df175a055ab24b7baebdc723fdf51274?versionId=QNXMdOXhNX8AVGtA5JRWuBHWbLpvIiTl to asset
2020-10-08T15:46:38-0400 [INFO    ] backups2datalad.py Commiting changes
2020-10-08T15:46:38-0400 [INFO    ] backups2datalad.py Creating GitHub sibling for 000036
2020-10-08T15:46:38-0400 [INFO    ] datalad.support.github_ Successfully obtained information about organization dandisets-testing using None credential
2020-10-08T15:46:41-0400 [INFO    ] datalad.ui.dialog Clear progress bars
2020-10-08T15:46:41-0400 [INFO    ] datalad.ui.dialog Refresh progress bars
2020-10-08T15:46:41-0400 [INFO    ] backups2datalad.py Pushing to sibling
2020-10-08T15:46:41-0400 [INFO    ] datalad.core.distributed.push Determine push target
2020-10-08T15:46:41-0400 [INFO    ] datalad.core.distributed.push Push refspecs
2020-10-08T15:46:41-0400 [INFO    ] datalad.core.distributed.push Transfer data
2020-10-08T15:46:41-0400 [INFO    ] datalad.core.distributed.push Update availability information
2020-10-08T15:46:42-0400 [INFO    ] datalad.gitrepo Start enumerating objects
2020-10-08T15:46:42-0400 [INFO    ] datalad.gitrepo Finished enumerating objects
2020-10-08T15:46:42-0400 [INFO    ] datalad.gitrepo Start counting objects
2020-10-08T15:46:42-0400 [INFO    ] datalad.gitrepo Counting objects:   0% (1/601)
2020-10-08T15:46:42-0400 [INFO    ] datalad.gitrepo Counting objects:   1% (7/601)
2020-10-08T15:46:42-0400 [INFO    ] datalad.gitrepo Counting objects:   2% (13/601)
2020-10-08T15:46:42-0400 [INFO    ] datalad.gitrepo Counting objects:   3% (19/601)
2020-10-08T15:46:42-0400 [INFO    ] datalad.gitrepo Counting objects:   4% (25/601)
2020-10-08T15:46:42-0400 [INFO    ] datalad.gitrepo Counting objects:   5% (31/601)
2020-10-08T15:46:42-0400 [INFO    ] datalad.gitrepo Counting objects:   6% (37/601)
2020-10-08T15:46:42-0400 [INFO    ] datalad.gitrepo Counting objects:   7% (43/601)
2020-10-08T15:46:42-0400 [INFO    ] datalad.gitrepo Counting objects:   8% (49/601)
2020-10-08T15:46:42-0400 [INFO    ] datalad.gitrepo Counting objects:   9% (55/601)
2020-10-08T15:46:42-0400 [INFO    ] datalad.gitrepo Counting objects:  10% (61/601)
2020-10-08T15:46:42-0400 [INFO    ] datalad.gitrepo Counting objects:  11% (67/601)
2020-10-08T15:46:42-0400 [INFO    ] datalad.gitrepo Counting objects:  12% (73/601)
2020-10-08T15:46:42-0400 [INFO    ] datalad.gitrepo Counting objects:  13% (79/601)
2020-10-08T15:46:42-0400 [INFO    ] datalad.gitrepo Counting objects:  14% (85/601)
2020-10-08T15:46:42-0400 [INFO    ] datalad.gitrepo Counting objects:  15% (91/601)
2020-10-08T15:46:42-0400 [INFO    ] datalad.gitrepo Counting objects:  16% (97/601)
2020-10-08T15:46:42-0400 [INFO    ] datalad.gitrepo Counting objects:  17% (103/601)
2020-10-08T15:46:42-0400 [INFO    ] datalad.gitrepo Counting objects:  18% (109/601)
2020-10-08T15:46:42-0400 [INFO    ] datalad.gitrepo Counting objects:  19% (115/601)
2020-10-08T15:46:42-0400 [INFO    ] datalad.gitrepo Counting objects:  20% (121/601)
2020-10-08T15:46:42-0400 [INFO    ] datalad.gitrepo Counting objects:  21% (127/601)
2020-10-08T15:46:42-0400 [INFO    ] datalad.gitrepo Counting objects:  22% (133/601)
2020-10-08T15:46:42-0400 [INFO    ] datalad.gitrepo Counting objects:  23% (139/601)
2020-10-08T15:46:42-0400 [INFO    ] datalad.gitrepo Counting objects:  24% (145/601)
2020-10-08T15:46:42-0400 [INFO    ] datalad.gitrepo Counting objects:  25% (151/601)
2020-10-08T15:46:42-0400 [INFO    ] datalad.gitrepo Counting objects:  26% (157/601)
2020-10-08T15:46:42-0400 [INFO    ] datalad.gitrepo Counting objects:  27% (163/601)
2020-10-08T15:46:42-0400 [INFO    ] datalad.gitrepo Counting objects:  28% (169/601)
2020-10-08T15:46:42-0400 [INFO    ] datalad.gitrepo Counting objects:  29% (175/601)
2020-10-08T15:46:42-0400 [INFO    ] datalad.gitrepo Counting objects:  30% (181/601)
2020-10-08T15:46:42-0400 [INFO    ] datalad.gitrepo Counting objects:  31% (187/601)
2020-10-08T15:46:42-0400 [INFO    ] datalad.gitrepo Counting objects:  32% (193/601)
2020-10-08T15:46:42-0400 [INFO    ] datalad.gitrepo Counting objects:  33% (199/601)
2020-10-08T15:46:42-0400 [INFO    ] datalad.gitrepo Counting objects:  34% (205/601)
2020-10-08T15:46:42-0400 [INFO    ] datalad.gitrepo Counting objects:  35% (211/601)
2020-10-08T15:46:42-0400 [INFO    ] datalad.gitrepo Counting objects:  36% (217/601)
2020-10-08T15:46:42-0400 [INFO    ] datalad.gitrepo Counting objects:  37% (223/601)
2020-10-08T15:46:42-0400 [INFO    ] datalad.gitrepo Counting objects:  38% (229/601)
2020-10-08T15:46:42-0400 [INFO    ] datalad.gitrepo Counting objects:  39% (235/601)
2020-10-08T15:46:42-0400 [INFO    ] datalad.gitrepo Counting objects:  40% (241/601)
2020-10-08T15:46:42-0400 [INFO    ] datalad.gitrepo Counting objects:  41% (247/601)
2020-10-08T15:46:42-0400 [INFO    ] datalad.gitrepo Counting objects:  42% (253/601)
2020-10-08T15:46:42-0400 [INFO    ] datalad.gitrepo Counting objects:  43% (259/601)
2020-10-08T15:46:42-0400 [INFO    ] datalad.gitrepo Counting objects:  44% (265/601)
2020-10-08T15:46:42-0400 [INFO    ] datalad.gitrepo Counting objects:  45% (271/601)
2020-10-08T15:46:42-0400 [INFO    ] datalad.gitrepo Counting objects:  46% (277/601)
2020-10-08T15:46:42-0400 [INFO    ] datalad.gitrepo Counting objects:  47% (283/601)
2020-10-08T15:46:42-0400 [INFO    ] datalad.gitrepo Counting objects:  48% (289/601)
2020-10-08T15:46:42-0400 [INFO    ] datalad.gitrepo Counting objects:  49% (295/601)
2020-10-08T15:46:42-0400 [INFO    ] datalad.gitrepo Counting objects:  50% (301/601)
2020-10-08T15:46:42-0400 [INFO    ] datalad.gitrepo Counting objects:  51% (307/601)
2020-10-08T15:46:42-0400 [INFO    ] datalad.gitrepo Counting objects:  52% (313/601)
2020-10-08T15:46:42-0400 [INFO    ] datalad.gitrepo Counting objects:  53% (319/601)
2020-10-08T15:46:42-0400 [INFO    ] datalad.gitrepo Counting objects:  54% (325/601)
2020-10-08T15:46:42-0400 [INFO    ] datalad.gitrepo Counting objects:  55% (331/601)
2020-10-08T15:46:42-0400 [INFO    ] datalad.gitrepo Counting objects:  56% (337/601)
2020-10-08T15:46:42-0400 [INFO    ] datalad.gitrepo Counting objects:  57% (343/601)
2020-10-08T15:46:42-0400 [INFO    ] datalad.gitrepo Counting objects:  58% (349/601)
2020-10-08T15:46:42-0400 [INFO    ] datalad.gitrepo Counting objects:  59% (355/601)
2020-10-08T15:46:42-0400 [INFO    ] datalad.gitrepo Counting objects:  60% (361/601)
2020-10-08T15:46:42-0400 [INFO    ] datalad.gitrepo Counting objects:  61% (367/601)
2020-10-08T15:46:42-0400 [INFO    ] datalad.gitrepo Counting objects:  62% (373/601)
2020-10-08T15:46:42-0400 [INFO    ] datalad.gitrepo Counting objects:  63% (379/601)
2020-10-08T15:46:42-0400 [INFO    ] datalad.gitrepo Counting objects:  64% (385/601)
2020-10-08T15:46:42-0400 [INFO    ] datalad.gitrepo Counting objects:  65% (391/601)
2020-10-08T15:46:42-0400 [INFO    ] datalad.gitrepo Counting objects:  66% (397/601)
2020-10-08T15:46:42-0400 [INFO    ] datalad.gitrepo Counting objects:  67% (403/601)
2020-10-08T15:46:42-0400 [INFO    ] datalad.gitrepo Counting objects:  68% (409/601)
2020-10-08T15:46:42-0400 [INFO    ] datalad.gitrepo Counting objects:  69% (415/601)
2020-10-08T15:46:42-0400 [INFO    ] datalad.gitrepo Counting objects:  70% (421/601)
2020-10-08T15:46:42-0400 [INFO    ] datalad.gitrepo Counting objects:  71% (427/601)
2020-10-08T15:46:42-0400 [INFO    ] datalad.gitrepo Counting objects:  72% (433/601)
2020-10-08T15:46:42-0400 [INFO    ] datalad.gitrepo Counting objects:  73% (439/601)
2020-10-08T15:46:42-0400 [INFO    ] datalad.gitrepo Counting objects:  74% (445/601)
2020-10-08T15:46:42-0400 [INFO    ] datalad.gitrepo Counting objects:  75% (451/601)
2020-10-08T15:46:42-0400 [INFO    ] datalad.gitrepo Counting objects:  76% (457/601)
2020-10-08T15:46:42-0400 [INFO    ] datalad.gitrepo Counting objects:  77% (463/601)
2020-10-08T15:46:42-0400 [INFO    ] datalad.gitrepo Counting objects:  78% (469/601)
2020-10-08T15:46:42-0400 [INFO    ] datalad.gitrepo Counting objects:  79% (475/601)
2020-10-08T15:46:42-0400 [INFO    ] datalad.gitrepo Counting objects:  80% (481/601)
2020-10-08T15:46:42-0400 [INFO    ] datalad.gitrepo Counting objects:  81% (487/601)
2020-10-08T15:46:42-0400 [INFO    ] datalad.gitrepo Counting objects:  82% (493/601)
2020-10-08T15:46:42-0400 [INFO    ] datalad.gitrepo Counting objects:  83% (499/601)
2020-10-08T15:46:42-0400 [INFO    ] datalad.gitrepo Counting objects:  84% (505/601)
2020-10-08T15:46:42-0400 [INFO    ] datalad.gitrepo Counting objects:  85% (511/601)
2020-10-08T15:46:42-0400 [INFO    ] datalad.gitrepo Counting objects:  86% (517/601)
2020-10-08T15:46:42-0400 [INFO    ] datalad.gitrepo Counting objects:  87% (523/601)
2020-10-08T15:46:42-0400 [INFO    ] datalad.gitrepo Counting objects:  88% (529/601)
2020-10-08T15:46:42-0400 [INFO    ] datalad.gitrepo Counting objects:  89% (535/601)
2020-10-08T15:46:42-0400 [INFO    ] datalad.gitrepo Counting objects:  90% (541/601)
2020-10-08T15:46:42-0400 [INFO    ] datalad.gitrepo Counting objects:  91% (547/601)
2020-10-08T15:46:42-0400 [INFO    ] datalad.gitrepo Counting objects:  92% (553/601)
2020-10-08T15:46:42-0400 [INFO    ] datalad.gitrepo Counting objects:  93% (559/601)
2020-10-08T15:46:42-0400 [INFO    ] datalad.gitrepo Counting objects:  94% (565/601)
2020-10-08T15:46:42-0400 [INFO    ] datalad.gitrepo Counting objects:  95% (571/601)
2020-10-08T15:46:42-0400 [INFO    ] datalad.gitrepo Counting objects:  96% (577/601)
2020-10-08T15:46:42-0400 [INFO    ] datalad.gitrepo Counting objects:  97% (583/601)
2020-10-08T15:46:42-0400 [INFO    ] datalad.gitrepo Counting objects:  98% (589/601)
2020-10-08T15:46:42-0400 [INFO    ] datalad.gitrepo Counting objects:  99% (595/601)
2020-10-08T15:46:42-0400 [INFO    ] datalad.gitrepo Counting objects: 100% (601/601)
2020-10-08T15:46:42-0400 [INFO    ] datalad.gitrepo Counting objects: 100% (601/601), done.
2020-10-08T15:46:42-0400 [INFO    ] datalad.gitrepo Finished counting objects
2020-10-08T15:46:42-0400 [INFO    ] datalad.gitrepo Start compressing objects
2020-10-08T15:46:42-0400 [INFO    ] datalad.gitrepo Compressing objects:   0% (1/484)
2020-10-08T15:46:42-0400 [INFO    ] datalad.gitrepo Compressing objects:   1% (5/484)
2020-10-08T15:46:42-0400 [INFO    ] datalad.gitrepo Compressing objects:   2% (10/484)
2020-10-08T15:46:42-0400 [INFO    ] datalad.gitrepo Compressing objects:   3% (15/484)
2020-10-08T15:46:42-0400 [INFO    ] datalad.gitrepo Compressing objects:   4% (20/484)
2020-10-08T15:46:42-0400 [INFO    ] datalad.gitrepo Compressing objects:   5% (25/484)
2020-10-08T15:46:42-0400 [INFO    ] datalad.gitrepo Compressing objects:   6% (30/484)
2020-10-08T15:46:42-0400 [INFO    ] datalad.gitrepo Compressing objects:   7% (34/484)
2020-10-08T15:46:42-0400 [INFO    ] datalad.gitrepo Compressing objects:   8% (39/484)
2020-10-08T15:46:42-0400 [INFO    ] datalad.gitrepo Compressing objects:   9% (44/484)
2020-10-08T15:46:42-0400 [INFO    ] datalad.gitrepo Compressing objects:  10% (49/484)
2020-10-08T15:46:42-0400 [INFO    ] datalad.gitrepo Compressing objects:  11% (54/484)
2020-10-08T15:46:42-0400 [INFO    ] datalad.gitrepo Compressing objects:  12% (59/484)
2020-10-08T15:46:42-0400 [INFO    ] datalad.gitrepo Compressing objects:  13% (63/484)
2020-10-08T15:46:42-0400 [INFO    ] datalad.gitrepo Compressing objects:  14% (68/484)
2020-10-08T15:46:42-0400 [INFO    ] datalad.gitrepo Compressing objects:  15% (73/484)
2020-10-08T15:46:42-0400 [INFO    ] datalad.gitrepo Compressing objects:  16% (78/484)
2020-10-08T15:46:42-0400 [INFO    ] datalad.gitrepo Compressing objects:  17% (83/484)
2020-10-08T15:46:42-0400 [INFO    ] datalad.gitrepo Compressing objects:  18% (88/484)
2020-10-08T15:46:42-0400 [INFO    ] datalad.gitrepo Compressing objects:  19% (92/484)
2020-10-08T15:46:42-0400 [INFO    ] datalad.gitrepo Compressing objects:  20% (97/484)
2020-10-08T15:46:42-0400 [INFO    ] datalad.gitrepo Compressing objects:  21% (102/484)
2020-10-08T15:46:42-0400 [INFO    ] datalad.gitrepo Compressing objects:  22% (107/484)
2020-10-08T15:46:42-0400 [INFO    ] datalad.gitrepo Compressing objects:  23% (112/484)
2020-10-08T15:46:42-0400 [INFO    ] datalad.gitrepo Compressing objects:  24% (117/484)
2020-10-08T15:46:42-0400 [INFO    ] datalad.gitrepo Compressing objects:  25% (121/484)
2020-10-08T15:46:42-0400 [INFO    ] datalad.gitrepo Compressing objects:  26% (126/484)
2020-10-08T15:46:42-0400 [INFO    ] datalad.gitrepo Compressing objects:  27% (131/484)
2020-10-08T15:46:42-0400 [INFO    ] datalad.gitrepo Compressing objects:  28% (136/484)
2020-10-08T15:46:42-0400 [INFO    ] datalad.gitrepo Compressing objects:  29% (141/484)
2020-10-08T15:46:42-0400 [INFO    ] datalad.gitrepo Compressing objects:  30% (146/484)
2020-10-08T15:46:42-0400 [INFO    ] datalad.gitrepo Compressing objects:  31% (151/484)
2020-10-08T15:46:42-0400 [INFO    ] datalad.gitrepo Compressing objects:  32% (155/484)
2020-10-08T15:46:42-0400 [INFO    ] datalad.gitrepo Compressing objects:  33% (160/484)
2020-10-08T15:46:42-0400 [INFO    ] datalad.gitrepo Compressing objects:  34% (165/484)
2020-10-08T15:46:42-0400 [INFO    ] datalad.gitrepo Compressing objects:  35% (170/484)
2020-10-08T15:46:42-0400 [INFO    ] datalad.gitrepo Compressing objects:  36% (175/484)
2020-10-08T15:46:42-0400 [INFO    ] datalad.gitrepo Compressing objects:  37% (180/484)
2020-10-08T15:46:42-0400 [INFO    ] datalad.gitrepo Compressing objects:  38% (184/484)
2020-10-08T15:46:42-0400 [INFO    ] datalad.gitrepo Compressing objects:  39% (189/484)
2020-10-08T15:46:42-0400 [INFO    ] datalad.gitrepo Compressing objects:  40% (194/484)
2020-10-08T15:46:42-0400 [INFO    ] datalad.gitrepo Compressing objects:  41% (199/484)
2020-10-08T15:46:42-0400 [INFO    ] datalad.gitrepo Compressing objects:  42% (204/484)
2020-10-08T15:46:42-0400 [INFO    ] datalad.gitrepo Compressing objects:  43% (209/484)
2020-10-08T15:46:42-0400 [INFO    ] datalad.gitrepo Compressing objects:  44% (213/484)
2020-10-08T15:46:42-0400 [INFO    ] datalad.gitrepo Compressing objects:  45% (218/484)
2020-10-08T15:46:42-0400 [INFO    ] datalad.gitrepo Compressing objects:  46% (223/484)
2020-10-08T15:46:42-0400 [INFO    ] datalad.gitrepo Compressing objects:  47% (228/484)
2020-10-08T15:46:42-0400 [INFO    ] datalad.gitrepo Compressing objects:  48% (233/484)
2020-10-08T15:46:42-0400 [INFO    ] datalad.gitrepo Compressing objects:  49% (238/484)
2020-10-08T15:46:42-0400 [INFO    ] datalad.gitrepo Compressing objects:  50% (242/484)
2020-10-08T15:46:42-0400 [INFO    ] datalad.gitrepo Compressing objects:  51% (247/484)
2020-10-08T15:46:42-0400 [INFO    ] datalad.gitrepo Compressing objects:  52% (252/484)
2020-10-08T15:46:42-0400 [INFO    ] datalad.gitrepo Compressing objects:  53% (257/484)
2020-10-08T15:46:42-0400 [INFO    ] datalad.gitrepo Compressing objects:  54% (262/484)
2020-10-08T15:46:42-0400 [INFO    ] datalad.gitrepo Compressing objects:  55% (267/484)
2020-10-08T15:46:42-0400 [INFO    ] datalad.gitrepo Compressing objects:  56% (272/484)
2020-10-08T15:46:42-0400 [INFO    ] datalad.gitrepo Compressing objects:  57% (276/484)
2020-10-08T15:46:42-0400 [INFO    ] datalad.gitrepo Compressing objects:  58% (281/484)
2020-10-08T15:46:42-0400 [INFO    ] datalad.gitrepo Compressing objects:  59% (286/484)
2020-10-08T15:46:42-0400 [INFO    ] datalad.gitrepo Compressing objects:  60% (291/484)
2020-10-08T15:46:42-0400 [INFO    ] datalad.gitrepo Compressing objects:  61% (296/484)
2020-10-08T15:46:42-0400 [INFO    ] datalad.gitrepo Compressing objects:  62% (301/484)
2020-10-08T15:46:42-0400 [INFO    ] datalad.gitrepo Compressing objects:  63% (305/484)
2020-10-08T15:46:42-0400 [INFO    ] datalad.gitrepo Compressing objects:  64% (310/484)
2020-10-08T15:46:42-0400 [INFO    ] datalad.gitrepo Compressing objects:  65% (315/484)
2020-10-08T15:46:42-0400 [INFO    ] datalad.gitrepo Compressing objects:  66% (320/484)
2020-10-08T15:46:42-0400 [INFO    ] datalad.gitrepo Compressing objects:  67% (325/484)
2020-10-08T15:46:42-0400 [INFO    ] datalad.gitrepo Compressing objects:  68% (330/484)
2020-10-08T15:46:42-0400 [INFO    ] datalad.gitrepo Compressing objects:  69% (334/484)
2020-10-08T15:46:42-0400 [INFO    ] datalad.gitrepo Compressing objects:  70% (339/484)
2020-10-08T15:46:42-0400 [INFO    ] datalad.gitrepo Compressing objects:  71% (344/484)
2020-10-08T15:46:42-0400 [INFO    ] datalad.gitrepo Compressing objects:  72% (349/484)
2020-10-08T15:46:42-0400 [INFO    ] datalad.gitrepo Compressing objects:  73% (354/484)
2020-10-08T15:46:42-0400 [INFO    ] datalad.gitrepo Compressing objects:  74% (359/484)
2020-10-08T15:46:42-0400 [INFO    ] datalad.gitrepo Compressing objects:  75% (363/484)
2020-10-08T15:46:42-0400 [INFO    ] datalad.gitrepo Compressing objects:  76% (368/484)
2020-10-08T15:46:42-0400 [INFO    ] datalad.gitrepo Compressing objects:  77% (373/484)
2020-10-08T15:46:42-0400 [INFO    ] datalad.gitrepo Compressing objects:  78% (378/484)
2020-10-08T15:46:42-0400 [INFO    ] datalad.gitrepo Compressing objects:  79% (383/484)
2020-10-08T15:46:42-0400 [INFO    ] datalad.gitrepo Compressing objects:  80% (388/484)
2020-10-08T15:46:42-0400 [INFO    ] datalad.gitrepo Compressing objects:  81% (393/484)
2020-10-08T15:46:42-0400 [INFO    ] datalad.gitrepo Compressing objects:  82% (397/484)
2020-10-08T15:46:42-0400 [INFO    ] datalad.gitrepo Compressing objects:  83% (402/484)
2020-10-08T15:46:42-0400 [INFO    ] datalad.gitrepo Compressing objects:  84% (407/484)
2020-10-08T15:46:42-0400 [INFO    ] datalad.gitrepo Compressing objects:  85% (412/484)
2020-10-08T15:46:42-0400 [INFO    ] datalad.gitrepo Compressing objects:  86% (417/484)
2020-10-08T15:46:42-0400 [INFO    ] datalad.gitrepo Compressing objects:  87% (422/484)
2020-10-08T15:46:42-0400 [INFO    ] datalad.gitrepo Compressing objects:  88% (426/484)
2020-10-08T15:46:42-0400 [INFO    ] datalad.gitrepo Compressing objects:  89% (431/484)
2020-10-08T15:46:42-0400 [INFO    ] datalad.gitrepo Compressing objects:  90% (436/484)
2020-10-08T15:46:42-0400 [INFO    ] datalad.gitrepo Compressing objects:  91% (441/484)
2020-10-08T15:46:42-0400 [INFO    ] datalad.gitrepo Compressing objects:  92% (446/484)
2020-10-08T15:46:42-0400 [INFO    ] datalad.gitrepo Compressing objects:  93% (451/484)
2020-10-08T15:46:42-0400 [INFO    ] datalad.gitrepo Compressing objects:  94% (455/484)
2020-10-08T15:46:42-0400 [INFO    ] datalad.gitrepo Compressing objects:  95% (460/484)
2020-10-08T15:46:42-0400 [INFO    ] datalad.gitrepo Compressing objects:  96% (465/484)
2020-10-08T15:46:42-0400 [INFO    ] datalad.gitrepo Compressing objects:  97% (470/484)
2020-10-08T15:46:42-0400 [INFO    ] datalad.gitrepo Compressing objects:  98% (475/484)
2020-10-08T15:46:42-0400 [INFO    ] datalad.gitrepo Compressing objects:  99% (480/484)
2020-10-08T15:46:42-0400 [INFO    ] datalad.gitrepo Compressing objects: 100% (484/484)
2020-10-08T15:46:42-0400 [INFO    ] datalad.gitrepo Compressing objects: 100% (484/484), done.
2020-10-08T15:46:42-0400 [INFO    ] datalad.gitrepo Finished compressing objects
2020-10-08T15:46:42-0400 [INFO    ] datalad.gitrepo Start writing objects
2020-10-08T15:46:42-0400 [INFO    ] datalad.gitrepo Writing objects:   0% (1/601)
2020-10-08T15:46:42-0400 [INFO    ] datalad.gitrepo Writing objects:   1% (7/601)
2020-10-08T15:46:42-0400 [INFO    ] datalad.gitrepo Writing objects:   2% (13/601)
2020-10-08T15:46:42-0400 [INFO    ] datalad.gitrepo Writing objects:   3% (19/601)
2020-10-08T15:46:42-0400 [INFO    ] datalad.gitrepo Writing objects:   4% (25/601)
2020-10-08T15:46:42-0400 [INFO    ] datalad.gitrepo Writing objects:   5% (31/601)
2020-10-08T15:46:42-0400 [INFO    ] datalad.gitrepo Writing objects:   6% (37/601)
2020-10-08T15:46:42-0400 [INFO    ] datalad.gitrepo Writing objects:   7% (43/601)
2020-10-08T15:46:42-0400 [INFO    ] datalad.gitrepo Writing objects:   8% (49/601)
2020-10-08T15:46:42-0400 [INFO    ] datalad.gitrepo Writing objects:   9% (55/601)
2020-10-08T15:46:42-0400 [INFO    ] datalad.gitrepo Writing objects:  10% (61/601)
2020-10-08T15:46:42-0400 [INFO    ] datalad.gitrepo Writing objects:  11% (67/601)
2020-10-08T15:46:42-0400 [INFO    ] datalad.gitrepo Writing objects:  12% (73/601)
2020-10-08T15:46:42-0400 [INFO    ] datalad.gitrepo Writing objects:  13% (79/601)
2020-10-08T15:46:42-0400 [INFO    ] datalad.gitrepo Writing objects:  14% (85/601)
2020-10-08T15:46:42-0400 [INFO    ] datalad.gitrepo Writing objects:  15% (91/601)
2020-10-08T15:46:42-0400 [INFO    ] datalad.gitrepo Writing objects:  16% (97/601)
2020-10-08T15:46:42-0400 [INFO    ] datalad.gitrepo Writing objects:  17% (103/601)
2020-10-08T15:46:42-0400 [INFO    ] datalad.gitrepo Writing objects:  18% (109/601)
2020-10-08T15:46:42-0400 [INFO    ] datalad.gitrepo Writing objects:  19% (115/601)
2020-10-08T15:46:42-0400 [INFO    ] datalad.gitrepo Writing objects:  20% (121/601)
2020-10-08T15:46:42-0400 [INFO    ] datalad.gitrepo Writing objects:  21% (127/601)
2020-10-08T15:46:42-0400 [INFO    ] datalad.gitrepo Writing objects:  22% (133/601)
2020-10-08T15:46:42-0400 [INFO    ] datalad.gitrepo Writing objects:  23% (139/601)
2020-10-08T15:46:42-0400 [INFO    ] datalad.gitrepo Writing objects:  24% (145/601)
2020-10-08T15:46:42-0400 [INFO    ] datalad.gitrepo Writing objects:  25% (151/601)
2020-10-08T15:46:42-0400 [INFO    ] datalad.gitrepo Writing objects:  26% (157/601)
2020-10-08T15:46:42-0400 [INFO    ] datalad.gitrepo Writing objects:  27% (163/601)
2020-10-08T15:46:42-0400 [INFO    ] datalad.gitrepo Writing objects:  28% (169/601)
2020-10-08T15:46:42-0400 [INFO    ] datalad.gitrepo Writing objects:  29% (175/601)
2020-10-08T15:46:42-0400 [INFO    ] datalad.gitrepo Writing objects:  30% (181/601)
2020-10-08T15:46:42-0400 [INFO    ] datalad.gitrepo Writing objects:  31% (187/601)
2020-10-08T15:46:42-0400 [INFO    ] datalad.gitrepo Writing objects:  32% (193/601)
2020-10-08T15:46:42-0400 [INFO    ] datalad.gitrepo Writing objects:  33% (199/601)
2020-10-08T15:46:42-0400 [INFO    ] datalad.gitrepo Writing objects:  34% (205/601)
2020-10-08T15:46:42-0400 [INFO    ] datalad.gitrepo Writing objects:  35% (211/601)
2020-10-08T15:46:42-0400 [INFO    ] datalad.gitrepo Writing objects:  36% (217/601)
2020-10-08T15:46:42-0400 [INFO    ] datalad.gitrepo Writing objects:  37% (223/601)
2020-10-08T15:46:42-0400 [INFO    ] datalad.gitrepo Writing objects:  38% (229/601)
2020-10-08T15:46:42-0400 [INFO    ] datalad.gitrepo Writing objects:  39% (235/601)
2020-10-08T15:46:42-0400 [INFO    ] datalad.gitrepo Writing objects:  40% (241/601)
2020-10-08T15:46:42-0400 [INFO    ] datalad.gitrepo Writing objects:  41% (247/601)
2020-10-08T15:46:42-0400 [INFO    ] datalad.gitrepo Writing objects:  42% (253/601)
2020-10-08T15:46:42-0400 [INFO    ] datalad.gitrepo Writing objects:  43% (259/601)
2020-10-08T15:46:42-0400 [INFO    ] datalad.gitrepo Writing objects:  44% (265/601)
2020-10-08T15:46:42-0400 [INFO    ] datalad.gitrepo Writing objects:  45% (271/601)
2020-10-08T15:46:42-0400 [INFO    ] datalad.gitrepo Writing objects:  46% (277/601)
2020-10-08T15:46:42-0400 [INFO    ] datalad.gitrepo Writing objects:  47% (283/601)
2020-10-08T15:46:42-0400 [INFO    ] datalad.gitrepo Writing objects:  48% (289/601)
2020-10-08T15:46:42-0400 [INFO    ] datalad.gitrepo Writing objects:  49% (295/601)
2020-10-08T15:46:42-0400 [INFO    ] datalad.gitrepo Writing objects:  50% (301/601)
2020-10-08T15:46:42-0400 [INFO    ] datalad.gitrepo Writing objects:  51% (307/601)
2020-10-08T15:46:42-0400 [INFO    ] datalad.gitrepo Writing objects:  52% (313/601)
2020-10-08T15:46:42-0400 [INFO    ] datalad.gitrepo Writing objects:  53% (319/601)
2020-10-08T15:46:42-0400 [INFO    ] datalad.gitrepo Writing objects:  54% (325/601)
2020-10-08T15:46:42-0400 [INFO    ] datalad.gitrepo Writing objects:  55% (331/601)
2020-10-08T15:46:42-0400 [INFO    ] datalad.gitrepo Writing objects:  56% (337/601)
2020-10-08T15:46:42-0400 [INFO    ] datalad.gitrepo Writing objects:  57% (343/601)
2020-10-08T15:46:42-0400 [INFO    ] datalad.gitrepo Writing objects:  58% (349/601)
2020-10-08T15:46:42-0400 [INFO    ] datalad.gitrepo Writing objects:  59% (355/601)
2020-10-08T15:46:42-0400 [INFO    ] datalad.gitrepo Writing objects:  60% (361/601)
2020-10-08T15:46:42-0400 [INFO    ] datalad.gitrepo Writing objects:  61% (367/601)
2020-10-08T15:46:42-0400 [INFO    ] datalad.gitrepo Writing objects:  62% (373/601)
2020-10-08T15:46:42-0400 [INFO    ] datalad.gitrepo Writing objects:  63% (379/601)
2020-10-08T15:46:42-0400 [INFO    ] datalad.gitrepo Writing objects:  64% (385/601)
2020-10-08T15:46:42-0400 [INFO    ] datalad.gitrepo Writing objects:  65% (391/601)
2020-10-08T15:46:42-0400 [INFO    ] datalad.gitrepo Writing objects:  66% (397/601)
2020-10-08T15:46:42-0400 [INFO    ] datalad.gitrepo Writing objects:  67% (403/601)
2020-10-08T15:46:42-0400 [INFO    ] datalad.gitrepo Writing objects:  68% (409/601)
2020-10-08T15:46:42-0400 [INFO    ] datalad.gitrepo Writing objects:  69% (415/601)
2020-10-08T15:46:42-0400 [INFO    ] datalad.gitrepo Writing objects:  70% (421/601)
2020-10-08T15:46:42-0400 [INFO    ] datalad.gitrepo Writing objects:  71% (427/601)
2020-10-08T15:46:42-0400 [INFO    ] datalad.gitrepo Writing objects:  72% (433/601)
2020-10-08T15:46:42-0400 [INFO    ] datalad.gitrepo Writing objects:  73% (439/601)
2020-10-08T15:46:42-0400 [INFO    ] datalad.gitrepo Writing objects:  74% (445/601)
2020-10-08T15:46:42-0400 [INFO    ] datalad.gitrepo Writing objects:  75% (451/601)
2020-10-08T15:46:42-0400 [INFO    ] datalad.gitrepo Writing objects:  76% (457/601)
2020-10-08T15:46:42-0400 [INFO    ] datalad.gitrepo Writing objects:  77% (463/601)
2020-10-08T15:46:42-0400 [INFO    ] datalad.gitrepo Writing objects:  78% (469/601)
2020-10-08T15:46:42-0400 [INFO    ] datalad.gitrepo Writing objects:  79% (475/601)
2020-10-08T15:46:42-0400 [INFO    ] datalad.gitrepo Writing objects:  80% (481/601)
2020-10-08T15:46:42-0400 [INFO    ] datalad.gitrepo Writing objects:  81% (487/601)
2020-10-08T15:46:42-0400 [INFO    ] datalad.gitrepo Writing objects:  82% (493/601)
2020-10-08T15:46:42-0400 [INFO    ] datalad.gitrepo Writing objects:  83% (499/601)
2020-10-08T15:46:42-0400 [INFO    ] datalad.gitrepo Writing objects:  84% (505/601)
2020-10-08T15:46:42-0400 [INFO    ] datalad.gitrepo Writing objects:  85% (511/601)
2020-10-08T15:46:42-0400 [INFO    ] datalad.gitrepo Writing objects:  86% (517/601)
2020-10-08T15:46:42-0400 [INFO    ] datalad.gitrepo Writing objects:  87% (523/601)
2020-10-08T15:46:42-0400 [INFO    ] datalad.gitrepo Writing objects:  88% (529/601)
2020-10-08T15:46:42-0400 [INFO    ] datalad.gitrepo Writing objects:  89% (535/601)
2020-10-08T15:46:42-0400 [INFO    ] datalad.gitrepo Writing objects:  90% (541/601)
2020-10-08T15:46:42-0400 [INFO    ] datalad.gitrepo Writing objects:  91% (547/601)
2020-10-08T15:46:42-0400 [INFO    ] datalad.gitrepo Writing objects:  92% (553/601)
2020-10-08T15:46:42-0400 [INFO    ] datalad.gitrepo Writing objects:  93% (559/601)
2020-10-08T15:46:42-0400 [INFO    ] datalad.gitrepo Writing objects:  94% (565/601)
2020-10-08T15:46:42-0400 [INFO    ] datalad.gitrepo Writing objects:  95% (571/601)
2020-10-08T15:46:42-0400 [INFO    ] datalad.gitrepo Writing objects:  96% (577/601)
2020-10-08T15:46:42-0400 [INFO    ] datalad.gitrepo Writing objects:  97% (583/601)
2020-10-08T15:46:42-0400 [INFO    ] datalad.gitrepo Writing objects:  98% (589/601)
2020-10-08T15:46:42-0400 [INFO    ] datalad.gitrepo Writing objects:  99% (595/601)
2020-10-08T15:46:42-0400 [INFO    ] datalad.gitrepo Writing objects: 100% (601/601)
2020-10-08T15:46:42-0400 [INFO    ] datalad.gitrepo Writing objects: 100% (601/601), 64.18 KiB | 1.60 MiB/s, done.
2020-10-08T15:46:42-0400 [INFO    ] datalad.gitrepo Finished writing objects
2020-10-08T15:46:42-0400 [INFO    ] datalad.gitrepo Start resolving deltas
2020-10-08T15:46:42-0400 [INFO    ] datalad.gitrepo remote: Resolving deltas:   0% (0/113)
2020-10-08T15:46:42-0400 [INFO    ] datalad.gitrepo remote: Resolving deltas:   1% (2/113)
2020-10-08T15:46:42-0400 [INFO    ] datalad.gitrepo remote: Resolving deltas:   3% (4/113)
2020-10-08T15:46:42-0400 [INFO    ] datalad.gitrepo remote: Resolving deltas:   4% (5/113)
2020-10-08T15:46:42-0400 [INFO    ] datalad.gitrepo remote: Resolving deltas:   5% (6/113)
2020-10-08T15:46:42-0400 [INFO    ] datalad.gitrepo remote: Resolving deltas:   6% (7/113)
2020-10-08T15:46:42-0400 [INFO    ] datalad.gitrepo remote: Resolving deltas:   7% (8/113)
2020-10-08T15:46:42-0400 [INFO    ] datalad.gitrepo remote: Resolving deltas:   8% (10/113)
2020-10-08T15:46:42-0400 [INFO    ] datalad.gitrepo remote: Resolving deltas:   9% (11/113)
2020-10-08T15:46:42-0400 [INFO    ] datalad.gitrepo remote: Resolving deltas:  10% (12/113)
2020-10-08T15:46:42-0400 [INFO    ] datalad.gitrepo remote: Resolving deltas:  11% (13/113)
2020-10-08T15:46:42-0400 [INFO    ] datalad.gitrepo remote: Resolving deltas:  12% (14/113)
2020-10-08T15:46:42-0400 [INFO    ] datalad.gitrepo remote: Resolving deltas:  13% (15/113)
2020-10-08T15:46:42-0400 [INFO    ] datalad.gitrepo remote: Resolving deltas:  14% (16/113)
2020-10-08T15:46:42-0400 [INFO    ] datalad.gitrepo remote: Resolving deltas:  15% (17/113)
2020-10-08T15:46:42-0400 [INFO    ] datalad.gitrepo remote: Resolving deltas:  16% (19/113)
2020-10-08T15:46:42-0400 [INFO    ] datalad.gitrepo remote: Resolving deltas:  17% (20/113)
2020-10-08T15:46:42-0400 [INFO    ] datalad.gitrepo remote: Resolving deltas:  18% (21/113)
2020-10-08T15:46:42-0400 [INFO    ] datalad.gitrepo remote: Resolving deltas:  19% (22/113)
2020-10-08T15:46:42-0400 [INFO    ] datalad.gitrepo remote: Resolving deltas:  20% (23/113)
2020-10-08T15:46:42-0400 [INFO    ] datalad.gitrepo remote: Resolving deltas:  21% (24/113)
2020-10-08T15:46:42-0400 [INFO    ] datalad.gitrepo remote: Resolving deltas:  22% (25/113)
2020-10-08T15:46:42-0400 [INFO    ] datalad.gitrepo remote: Resolving deltas:  23% (26/113)
2020-10-08T15:46:42-0400 [INFO    ] datalad.gitrepo remote: Resolving deltas:  24% (28/113)
2020-10-08T15:46:42-0400 [INFO    ] datalad.gitrepo remote: Resolving deltas:  25% (29/113)
2020-10-08T15:46:42-0400 [INFO    ] datalad.gitrepo remote: Resolving deltas:  26% (30/113)
2020-10-08T15:46:42-0400 [INFO    ] datalad.gitrepo remote: Resolving deltas:  27% (31/113)
2020-10-08T15:46:42-0400 [INFO    ] datalad.gitrepo remote: Resolving deltas:  28% (32/113)
2020-10-08T15:46:42-0400 [INFO    ] datalad.gitrepo remote: Resolving deltas:  29% (33/113)
2020-10-08T15:46:42-0400 [INFO    ] datalad.gitrepo remote: Resolving deltas:  30% (34/113)
2020-10-08T15:46:42-0400 [INFO    ] datalad.gitrepo remote: Resolving deltas:  31% (36/113)
2020-10-08T15:46:42-0400 [INFO    ] datalad.gitrepo remote: Resolving deltas:  32% (37/113)
2020-10-08T15:46:42-0400 [INFO    ] datalad.gitrepo remote: Resolving deltas:  33% (38/113)
2020-10-08T15:46:42-0400 [INFO    ] datalad.gitrepo remote: Resolving deltas:  34% (39/113)
2020-10-08T15:46:42-0400 [INFO    ] datalad.gitrepo remote: Resolving deltas:  35% (40/113)
2020-10-08T15:46:42-0400 [INFO    ] datalad.gitrepo remote: Resolving deltas:  36% (41/113)
2020-10-08T15:46:42-0400 [INFO    ] datalad.gitrepo remote: Resolving deltas:  37% (42/113)
2020-10-08T15:46:42-0400 [INFO    ] datalad.gitrepo remote: Resolving deltas:  38% (43/113)
2020-10-08T15:46:42-0400 [INFO    ] datalad.gitrepo remote: Resolving deltas:  39% (45/113)
2020-10-08T15:46:42-0400 [INFO    ] datalad.gitrepo remote: Resolving deltas:  40% (46/113)
2020-10-08T15:46:42-0400 [INFO    ] datalad.gitrepo remote: Resolving deltas:  41% (47/113)
2020-10-08T15:46:42-0400 [INFO    ] datalad.gitrepo remote: Resolving deltas:  42% (48/113)
2020-10-08T15:46:42-0400 [INFO    ] datalad.gitrepo remote: Resolving deltas:  43% (49/113)
2020-10-08T15:46:42-0400 [INFO    ] datalad.gitrepo remote: Resolving deltas:  44% (50/113)
2020-10-08T15:46:42-0400 [INFO    ] datalad.gitrepo remote: Resolving deltas:  45% (51/113)
2020-10-08T15:46:42-0400 [INFO    ] datalad.gitrepo remote: Resolving deltas:  46% (52/113)
2020-10-08T15:46:42-0400 [INFO    ] datalad.gitrepo remote: Resolving deltas:  47% (54/113)
2020-10-08T15:46:42-0400 [INFO    ] datalad.gitrepo remote: Resolving deltas:  48% (55/113)
2020-10-08T15:46:42-0400 [INFO    ] datalad.gitrepo remote: Resolving deltas:  49% (56/113)
2020-10-08T15:46:42-0400 [INFO    ] datalad.gitrepo remote: Resolving deltas:  50% (57/113)
2020-10-08T15:46:42-0400 [INFO    ] datalad.gitrepo remote: Resolving deltas:  51% (58/113)
2020-10-08T15:46:42-0400 [INFO    ] datalad.gitrepo remote: Resolving deltas:  52% (59/113)
2020-10-08T15:46:42-0400 [INFO    ] datalad.gitrepo remote: Resolving deltas:  53% (60/113)
2020-10-08T15:46:42-0400 [INFO    ] datalad.gitrepo remote: Resolving deltas:  99% (112/113)
2020-10-08T15:46:42-0400 [INFO    ] datalad.gitrepo remote: Resolving deltas: 100% (113/113)
2020-10-08T15:46:42-0400 [INFO    ] datalad.gitrepo remote: Resolving deltas: 100% (113/113), done.
2020-10-08T15:46:42-0400 [INFO    ] datalad.gitrepo Finished resolving deltas
2020-10-08T15:46:45-0400 [INFO    ] datalad.core.distributed.push Finished push of Dataset(/mnt/backup/dandi/dandiarchive-replica/000036)
